<?xml version="1.0" encoding="UTF-8"?>
<coverage generated="1784904576599" clover="3.2.0">
  <project timestamp="1784904576599" name="All files">
    <metrics statements="579" coveredstatements="432" conditionals="424" coveredconditionals="285" methods="131" coveredmethods="87" elements="1134" coveredelements="804" complexity="0" loc="579" ncloc="579" packages="10" files="19" classes="19"/>
    <package name="auth">
      <metrics statements="40" coveredstatements="4" conditionals="30" coveredconditionals="0" methods="12" coveredmethods="0"/>
      <file name="AuthContext.tsx" path="C:\CursosOnline\frontend\src\auth\AuthContext.tsx">
        <metrics statements="1" coveredstatements="1" conditionals="0" coveredconditionals="0" methods="3" coveredmethods="0"/>
        <line num="8" count="1" type="stmt"/>
      </file>
      <file name="authStorage.ts" path="C:\CursosOnline\frontend\src\auth\authStorage.ts">
        <metrics statements="39" coveredstatements="3" conditionals="30" coveredconditionals="0" methods="9" coveredmethods="0"/>
        <line num="4" count="2" type="stmt"/>
        <line num="5" count="2" type="stmt"/>
        <line num="7" count="2" type="stmt"/>
        <line num="16" count="0" type="cond" truecount="0" falsecount="2"/>
        <line num="20" count="0" type="cond" truecount="0" falsecount="4"/>
        <line num="21" count="0" type="stmt"/>
        <line num="24" count="0" type="stmt"/>
        <line num="25" count="0" type="stmt"/>
        <line num="36" count="0" type="cond" truecount="0" falsecount="2"/>
        <line num="43" count="0" type="cond" truecount="0" falsecount="2"/>
        <line num="44" count="0" type="stmt"/>
        <line num="46" count="0" type="stmt"/>
        <line num="53" count="0" type="cond" truecount="0" falsecount="2"/>
        <line num="54" count="0" type="stmt"/>
        <line num="56" count="0" type="stmt"/>
        <line num="63" count="0" type="cond" truecount="0" falsecount="2"/>
        <line num="64" count="0" type="stmt"/>
        <line num="68" count="0" type="cond" truecount="0" falsecount="2"/>
        <line num="69" count="0" type="cond" truecount="0" falsecount="2"/>
        <line num="70" count="0" type="stmt"/>
        <line num="73" count="0" type="stmt"/>
        <line num="74" count="0" type="stmt"/>
        <line num="76" count="0" type="cond" truecount="0" falsecount="4"/>
        <line num="77" count="0" type="stmt"/>
        <line num="81" count="0" type="cond" truecount="0" falsecount="4"/>
        <line num="82" count="0" type="stmt"/>
        <line num="83" count="0" type="stmt"/>
        <line num="84" count="0" type="stmt"/>
        <line num="87" count="0" type="stmt"/>
        <line num="93" count="0" type="stmt"/>
        <line num="95" count="0" type="stmt"/>
        <line num="103" count="0" type="cond" truecount="0" falsecount="2"/>
        <line num="104" count="0" type="stmt"/>
        <line num="107" count="0" type="stmt"/>
        <line num="114" count="0" type="cond" truecount="0" falsecount="2"/>
        <line num="115" count="0" type="stmt"/>
        <line num="118" count="0" type="stmt"/>
        <line num="119" count="0" type="stmt"/>
        <line num="120" count="0" type="stmt"/>
      </file>
    </package>
    <package name="components.ui">
      <metrics statements="5" coveredstatements="5" conditionals="8" coveredconditionals="4" methods="1" coveredmethods="1"/>
      <file name="Input.tsx" path="C:\CursosOnline\frontend\src\components\ui\Input.tsx">
        <metrics statements="5" coveredstatements="5" conditionals="8" coveredconditionals="4" methods="1" coveredmethods="1"/>
        <line num="81" count="1" type="stmt"/>
        <line num="83" count="9" type="stmt"/>
        <line num="87" count="9" type="cond" truecount="1" falsecount="1"/>
        <line num="92" count="9" type="cond" truecount="1" falsecount="1"/>
        <line num="94" count="9" type="stmt"/>
      </file>
    </package>
    <package name="components.ui.courseSearch">
      <metrics statements="4" coveredstatements="4" conditionals="12" coveredconditionals="6" methods="3" coveredmethods="3"/>
      <file name="CourseSearchEngine.tsx" path="C:\CursosOnline\frontend\src\components\ui\courseSearch\CourseSearchEngine.tsx">
        <metrics statements="4" coveredstatements="4" conditionals="12" coveredconditionals="6" methods="3" coveredmethods="3"/>
        <line num="16" count="1" type="stmt"/>
        <line num="25" count="9" type="stmt"/>
        <line num="40" count="1" type="stmt"/>
        <line num="57" count="17" type="stmt"/>
      </file>
    </package>
    <package name="components.ui.genericButton">
      <metrics statements="12" coveredstatements="12" conditionals="29" coveredconditionals="22" methods="1" coveredmethods="1"/>
      <file name="GenericButton.tsx" path="C:\CursosOnline\frontend\src\components\ui\genericButton\GenericButton.tsx">
        <metrics statements="12" coveredstatements="12" conditionals="29" coveredconditionals="22" methods="1" coveredmethods="1"/>
        <line num="40" count="3" type="stmt"/>
        <line num="55" count="56" type="stmt"/>
        <line num="56" count="56" type="stmt"/>
        <line num="57" count="56" type="stmt"/>
        <line num="58" count="56" type="stmt"/>
        <line num="59" count="56" type="stmt"/>
        <line num="62" count="56" type="stmt"/>
        <line num="69" count="56" type="stmt"/>
        <line num="71" count="56" type="cond" truecount="1" falsecount="1"/>
        <line num="88" count="56" type="cond" truecount="3" falsecount="1"/>
        <line num="91" count="56" type="stmt"/>
        <line num="93" count="56" type="stmt"/>
      </file>
    </package>
    <package name="components.ui.genericCard">
      <metrics statements="2" coveredstatements="2" conditionals="1" coveredconditionals="1" methods="1" coveredmethods="1"/>
      <file name="GenericCard.tsx" path="C:\CursosOnline\frontend\src\components\ui\genericCard\GenericCard.tsx">
        <metrics statements="2" coveredstatements="2" conditionals="1" coveredconditionals="1" methods="1" coveredmethods="1"/>
        <line num="9" count="3" type="cond" truecount="1" falsecount="0"/>
        <line num="10" count="441" type="stmt"/>
      </file>
    </package>
    <package name="components.ui.genericHeader">
      <metrics statements="4" coveredstatements="4" conditionals="21" coveredconditionals="17" methods="1" coveredmethods="1"/>
      <file name="GenericHeader.tsx" path="C:\CursosOnline\frontend\src\components\ui\genericHeader\GenericHeader.tsx">
        <metrics statements="4" coveredstatements="4" conditionals="21" coveredconditionals="17" methods="1" coveredmethods="1"/>
        <line num="149" count="1" type="stmt"/>
        <line num="168" count="1" type="stmt"/>
        <line num="237" count="1" type="stmt"/>
        <line num="255" count="44" type="stmt"/>
      </file>
    </package>
    <package name="components.ui.globalNotificationBell">
      <metrics statements="39" coveredstatements="25" conditionals="14" coveredconditionals="6" methods="7" coveredmethods="4"/>
      <file name="useNotifications.ts" path="C:\CursosOnline\frontend\src\components\ui\globalNotificationBell\useNotifications.ts">
        <metrics statements="39" coveredstatements="25" conditionals="14" coveredconditionals="6" methods="7" coveredmethods="4"/>
        <line num="16" count="1" type="stmt"/>
        <line num="19" count="1" type="stmt"/>
        <line num="20" count="73" type="stmt"/>
        <line num="21" count="73" type="stmt"/>
        <line num="22" count="73" type="stmt"/>
        <line num="23" count="73" type="stmt"/>
        <line num="24" count="73" type="stmt"/>
        <line num="28" count="73" type="cond" truecount="2" falsecount="0"/>
        <line num="29" count="73" type="cond" truecount="1" falsecount="1"/>
        <line num="31" count="73" type="stmt"/>
        <line num="33" count="18" type="cond" truecount="2" falsecount="2"/>
        <line num="34" count="18" type="stmt"/>
        <line num="35" count="18" type="stmt"/>
        <line num="36" count="18" type="stmt"/>
        <line num="37" count="18" type="stmt"/>
        <line num="41" count="0" type="cond" truecount="0" falsecount="2"/>
        <line num="42" count="0" type="stmt"/>
        <line num="45" count="0" type="stmt"/>
        <line num="46" count="0" type="stmt"/>
        <line num="47" count="0" type="stmt"/>
        <line num="48" count="0" type="stmt"/>
        <line num="52" count="0" type="cond" truecount="0" falsecount="2"/>
        <line num="53" count="18" type="cond" truecount="1" falsecount="1"/>
        <line num="56" count="0" type="stmt"/>
        <line num="57" count="0" type="stmt"/>
        <line num="58" count="0" type="stmt"/>
        <line num="60" count="0" type="stmt"/>
        <line num="61" count="0" type="stmt"/>
        <line num="66" count="73" type="stmt"/>
        <line num="67" count="18" type="stmt"/>
        <line num="68" count="0" type="stmt"/>
        <line num="71" count="18" type="stmt"/>
        <line num="72" count="18" type="stmt"/>
        <line num="74" count="18" type="stmt"/>
        <line num="75" count="18" type="stmt"/>
        <line num="79" count="73" type="stmt"/>
        <line num="80" count="0" type="stmt"/>
        <line num="84" count="73" type="stmt"/>
        <line num="86" count="73" type="stmt"/>
      </file>
    </package>
    <package name="routes.pages.professor">
      <metrics statements="64" coveredstatements="64" conditionals="34" coveredconditionals="32" methods="20" coveredmethods="20"/>
      <file name="ProfessorDashboard.tsx" path="C:\CursosOnline\frontend\src\routes\pages\professor\ProfessorDashboard.tsx">
        <metrics statements="63" coveredstatements="63" conditionals="34" coveredconditionals="32" methods="19" coveredmethods="19"/>
        <line num="27" count="1" type="stmt"/>
        <line num="32" count="1" type="stmt"/>
        <line num="33" count="17" type="cond" truecount="1" falsecount="1"/>
        <line num="34" count="17" type="cond" truecount="2" falsecount="0"/>
        <line num="35" count="17" type="cond" truecount="2" falsecount="0"/>
        <line num="38" count="17" type="cond" truecount="2" falsecount="0"/>
        <line num="39" count="2" type="cond" truecount="2" falsecount="0"/>
        <line num="40" count="1" type="cond" truecount="1" falsecount="1"/>
        <line num="43" count="15" type="cond" truecount="2" falsecount="0"/>
        <line num="44" count="3" type="cond" truecount="2" falsecount="0"/>
        <line num="45" count="2" type="cond" truecount="2" falsecount="0"/>
        <line num="47" count="1" type="stmt"/>
        <line num="50" count="1" type="stmt"/>
        <line num="51" count="45" type="stmt"/>
        <line num="53" count="45" type="stmt"/>
        <line num="59" count="178" type="stmt"/>
        <line num="60" count="172" type="stmt"/>
        <line num="61" count="172" type="stmt"/>
        <line num="64" count="45" type="stmt"/>
        <line num="67" count="45" type="stmt"/>
        <line num="69" count="45" type="stmt"/>
        <line num="70" count="18" type="stmt"/>
        <line num="72" count="18" type="stmt"/>
        <line num="73" count="18" type="stmt"/>
        <line num="74" count="18" type="stmt"/>
        <line num="76" count="17" type="stmt"/>
        <line num="78" count="12" type="stmt"/>
        <line num="80" count="12" type="stmt"/>
        <line num="81" count="12" type="stmt"/>
        <line num="82" count="11" type="stmt"/>
        <line num="84" count="1" type="stmt"/>
        <line num="87" count="12" type="stmt"/>
        <line num="97" count="17" type="cond" truecount="2" falsecount="0"/>
        <line num="98" count="16" type="stmt"/>
        <line num="100" count="1" type="stmt"/>
        <line num="104" count="18" type="stmt"/>
        <line num="106" count="18" type="stmt"/>
        <line num="107" count="18" type="stmt"/>
        <line num="112" count="45" type="stmt"/>
        <line num="113" count="3" type="stmt"/>
        <line num="114" count="3" type="stmt"/>
        <line num="116" count="3" type="stmt"/>
        <line num="117" count="3" type="cond" truecount="2" falsecount="0"/>
        <line num="118" count="2" type="cond" truecount="2" falsecount="0"/>
        <line num="120" count="1" type="stmt"/>
        <line num="121" count="1" type="stmt"/>
        <line num="124" count="3" type="cond" truecount="2" falsecount="0"/>
        <line num="134" count="45" type="stmt"/>
        <line num="135" count="5" type="stmt"/>
        <line num="137" count="5" type="stmt"/>
        <line num="138" count="5" type="stmt"/>
        <line num="139" count="4" type="stmt"/>
        <line num="141" count="1" type="stmt"/>
        <line num="144" count="5" type="stmt"/>
        <line num="152" count="5" type="stmt"/>
        <line num="154" count="5" type="cond" truecount="2" falsecount="0"/>
        <line num="155" count="4" type="stmt"/>
        <line num="160" count="45" type="stmt"/>
        <line num="162" count="45" type="stmt"/>
        <line num="185" count="23" type="stmt"/>
        <line num="206" count="5" type="stmt"/>
        <line num="222" count="90" type="stmt"/>
        <line num="272" count="1" type="stmt"/>
      </file>
      <file name="ProfessorProfilePage.tsx" path="C:\CursosOnline\frontend\src\routes\pages\professor\ProfessorProfilePage.tsx">
        <metrics statements="1" coveredstatements="1" conditionals="0" coveredconditionals="0" methods="1" coveredmethods="1"/>
        <line num="5" count="1" type="stmt"/>
      </file>
    </package>
    <package name="routes.pages.professor.components">
      <metrics statements="294" coveredstatements="290" conditionals="216" coveredconditionals="196" methods="58" coveredmethods="56"/>
      <file name="CourseManagementModal.tsx" path="C:\CursosOnline\frontend\src\routes\pages\professor\components\CourseManagementModal.tsx">
        <metrics statements="40" coveredstatements="40" conditionals="67" coveredconditionals="61" methods="10" coveredmethods="10"/>
        <line num="30" count="1" type="stmt"/>
        <line num="31" count="9" type="cond" truecount="3" falsecount="1"/>
        <line num="32" count="9" type="stmt"/>
        <line num="33" count="9" type="cond" truecount="3" falsecount="0"/>
        <line num="36" count="1" type="stmt"/>
        <line num="37" count="9" type="cond" truecount="3" falsecount="1"/>
        <line num="38" count="9" type="stmt"/>
        <line num="39" count="9" type="cond" truecount="1" falsecount="1"/>
        <line num="40" count="9" type="cond" truecount="2" falsecount="0"/>
        <line num="43" count="1" type="stmt"/>
        <line num="44" count="9" type="cond" truecount="3" falsecount="1"/>
        <line num="45" count="9" type="stmt"/>
        <line num="46" count="9" type="cond" truecount="3" falsecount="0"/>
        <line num="47" count="9" type="stmt"/>
        <line num="50" count="1" type="stmt"/>
        <line num="51" count="9" type="cond" truecount="3" falsecount="1"/>
        <line num="52" count="9" type="stmt"/>
        <line num="53" count="9" type="cond" truecount="2" falsecount="0"/>
        <line num="54" count="1" type="stmt"/>
        <line num="56" count="8" type="cond" truecount="2" falsecount="0"/>
        <line num="57" count="7" type="stmt"/>
        <line num="59" count="1" type="stmt"/>
        <line num="62" count="1" type="stmt"/>
        <line num="63" count="9" type="cond" truecount="2" falsecount="0"/>
        <line num="64" count="7" type="cond" truecount="2" falsecount="0"/>
        <line num="65" count="1" type="stmt"/>
        <line num="68" count="1" type="stmt"/>
        <line num="74" count="19" type="stmt"/>
        <line num="76" count="19" type="cond" truecount="4" falsecount="0"/>
        <line num="77" count="1" type="stmt"/>
        <line num="80" count="18" type="cond" truecount="3" falsecount="0"/>
        <line num="82" count="19" type="cond" truecount="2" falsecount="0"/>
        <line num="83" count="1" type="stmt"/>
        <line num="94" count="17" type="stmt"/>
        <line num="95" count="17" type="stmt"/>
        <line num="97" count="17" type="stmt"/>
        <line num="117" count="1" type="stmt"/>
        <line num="124" count="1" type="stmt"/>
        <line num="131" count="1" type="stmt"/>
        <line num="151" count="9" type="stmt"/>
      </file>
      <file name="GradingCenter.tsx" path="C:\CursosOnline\frontend\src\routes\pages\professor\components\GradingCenter.tsx">
        <metrics statements="19" coveredstatements="19" conditionals="43" coveredconditionals="41" methods="12" coveredmethods="12"/>
        <line num="15" count="2" type="stmt"/>
        <line num="42" count="87" type="stmt"/>
        <line num="44" count="87" type="cond" truecount="2" falsecount="0"/>
        <line num="45" count="87" type="cond" truecount="2" falsecount="0"/>
        <line num="47" count="87" type="stmt"/>
        <line num="64" count="2" type="stmt"/>
        <line num="65" count="2" type="cond" truecount="2" falsecount="0"/>
        <line num="71" count="61" type="stmt"/>
        <line num="87" count="1" type="stmt"/>
        <line num="88" count="1" type="cond" truecount="1" falsecount="1"/>
        <line num="89" count="1" type="stmt"/>
        <line num="95" count="5" type="stmt"/>
        <line num="166" count="1" type="cond" truecount="1" falsecount="1"/>
        <line num="177" count="1" type="stmt"/>
        <line num="203" count="1" type="stmt"/>
        <line num="207" count="1" type="stmt"/>
        <line num="245" count="1" type="stmt"/>
        <line num="264" count="1" type="stmt"/>
        <line num="278" count="1" type="stmt"/>
      </file>
      <file name="ProfessorCoursePicker.tsx" path="C:\CursosOnline\frontend\src\routes\pages\professor\components\ProfessorCoursePicker.tsx">
        <metrics statements="48" coveredstatements="46" conditionals="37" coveredconditionals="32" methods="17" coveredmethods="15"/>
        <line num="15" count="1" type="stmt"/>
        <line num="20" count="9" type="stmt"/>
        <line num="21" count="9" type="stmt"/>
        <line num="22" count="9" type="stmt"/>
        <line num="23" count="7" type="stmt"/>
        <line num="26" count="9" type="stmt"/>
        <line num="27" count="8" type="cond" truecount="2" falsecount="0"/>
        <line num="29" count="1" type="stmt"/>
        <line num="30" count="1" type="stmt"/>
        <line num="31" count="1" type="stmt"/>
        <line num="32" count="1" type="stmt"/>
        <line num="44" count="9" type="stmt"/>
        <line num="45" count="1" type="stmt"/>
        <line num="46" count="1" type="stmt"/>
        <line num="47" count="1" type="stmt"/>
        <line num="48" count="1" type="stmt"/>
        <line num="49" count="1" type="stmt"/>
        <line num="51" count="1" type="cond" truecount="1" falsecount="1"/>
        <line num="52" count="1" type="stmt"/>
        <line num="56" count="9" type="stmt"/>
        <line num="57" count="17" type="cond" truecount="1" falsecount="1"/>
        <line num="58" count="17" type="stmt"/>
        <line num="59" count="17" type="cond" truecount="2" falsecount="0"/>
        <line num="62" count="9" type="stmt"/>
        <line num="63" count="0" type="stmt"/>
        <line num="64" count="0" type="stmt"/>
        <line num="66" count="9" type="stmt"/>
        <line num="67" count="14" type="stmt"/>
        <line num="68" count="14" type="cond" truecount="1" falsecount="1"/>
        <line num="70" count="14" type="stmt"/>
        <line num="71" count="14" type="stmt"/>
        <line num="72" count="14" type="cond" truecount="1" falsecount="1"/>
        <line num="73" count="14" type="stmt"/>
        <line num="76" count="14" type="stmt"/>
        <line num="78" count="14" type="stmt"/>
        <line num="79" count="14" type="stmt"/>
        <line num="81" count="14" type="stmt"/>
        <line num="84" count="9" type="stmt"/>
        <line num="85" count="1" type="stmt"/>
        <line num="86" count="1" type="stmt"/>
        <line num="89" count="9" type="stmt"/>
        <line num="113" count="17" type="stmt"/>
        <line num="114" count="17" type="stmt"/>
        <line num="115" count="17" type="cond" truecount="2" falsecount="0"/>
        <line num="116" count="17" type="cond" truecount="2" falsecount="0"/>
        <line num="118" count="17" type="cond" truecount="2" falsecount="0"/>
        <line num="126" count="17" type="stmt"/>
        <line num="141" count="1" type="stmt"/>
      </file>
      <file name="TaughtCoursesGrid.tsx" path="C:\CursosOnline\frontend\src\routes\pages\professor\components\TaughtCoursesGrid.tsx">
        <metrics statements="5" coveredstatements="5" conditionals="2" coveredconditionals="2" methods="3" coveredmethods="3"/>
        <line num="25" count="2" type="stmt"/>
        <line num="30" count="50" type="stmt"/>
        <line num="32" count="50" type="stmt"/>
        <line num="40" count="37" type="stmt"/>
        <line num="61" count="7" type="stmt"/>
      </file>
      <file name="useCourseManagement.ts" path="C:\CursosOnline\frontend\src\routes\pages\professor\components\useCourseManagement.ts">
        <metrics statements="71" coveredstatements="69" conditionals="37" coveredconditionals="32" methods="6" coveredmethods="6"/>
        <line num="12" count="1" type="stmt"/>
        <line num="15" count="35" type="stmt"/>
        <line num="16" count="35" type="stmt"/>
        <line num="17" count="35" type="stmt"/>
        <line num="18" count="35" type="stmt"/>
        <line num="21" count="35" type="stmt"/>
        <line num="24" count="35" type="stmt"/>
        <line num="25" count="9" type="cond" truecount="4" falsecount="0"/>
        <line num="26" count="1" type="stmt"/>
        <line num="27" count="1" type="stmt"/>
        <line num="28" count="1" type="stmt"/>
        <line num="29" count="1" type="stmt"/>
        <line num="30" count="1" type="stmt"/>
        <line num="31" count="1" type="stmt"/>
        <line num="32" count="1" type="stmt"/>
        <line num="33" count="1" type="stmt"/>
        <line num="34" count="1" type="stmt"/>
        <line num="40" count="35" type="stmt"/>
        <line num="41" count="19" type="cond" truecount="4" falsecount="0"/>
        <line num="43" count="17" type="cond" truecount="3" falsecount="0"/>
        <line num="44" count="19" type="cond" truecount="2" falsecount="0"/>
        <line num="47" count="19" type="cond" truecount="4" falsecount="0"/>
        <line num="49" count="10" type="stmt"/>
        <line num="50" count="10" type="stmt"/>
        <line num="51" count="10" type="stmt"/>
        <line num="52" count="10" type="cond" truecount="2" falsecount="0"/>
        <line num="53" count="8" type="stmt"/>
        <line num="54" count="8" type="stmt"/>
        <line num="55" count="8" type="stmt"/>
        <line num="57" count="8" type="cond" truecount="1" falsecount="1"/>
        <line num="58" count="8" type="stmt"/>
        <line num="60" count="2" type="cond" truecount="1" falsecount="1"/>
        <line num="61" count="2" type="stmt"/>
        <line num="62" count="2" type="stmt"/>
        <line num="65" count="3" type="stmt"/>
        <line num="67" count="10" type="stmt"/>
        <line num="71" count="10" type="stmt"/>
        <line num="75" count="35" type="stmt"/>
        <line num="76" count="35" type="stmt"/>
        <line num="79" count="35" type="stmt"/>
        <line num="80" count="35" type="stmt"/>
        <line num="81" count="35" type="stmt"/>
        <line num="83" count="35" type="stmt"/>
        <line num="84" count="4" type="stmt"/>
        <line num="85" count="4" type="stmt"/>
        <line num="86" count="4" type="stmt"/>
        <line num="87" count="4" type="cond" truecount="1" falsecount="1"/>
        <line num="88" count="0" type="stmt"/>
        <line num="89" count="0" type="stmt"/>
        <line num="92" count="4" type="cond" truecount="4" falsecount="0"/>
        <line num="93" count="1" type="stmt"/>
        <line num="94" count="1" type="stmt"/>
        <line num="95" count="1" type="stmt"/>
        <line num="97" count="3" type="stmt"/>
        <line num="101" count="35" type="stmt"/>
        <line num="102" count="3" type="cond" truecount="4" falsecount="0"/>
        <line num="103" count="1" type="stmt"/>
        <line num="104" count="1" type="stmt"/>
        <line num="107" count="2" type="stmt"/>
        <line num="108" count="2" type="stmt"/>
        <line num="109" count="2" type="stmt"/>
        <line num="111" count="2" type="stmt"/>
        <line num="112" count="2" type="stmt"/>
        <line num="114" count="2" type="stmt"/>
        <line num="116" count="1" type="cond" truecount="1" falsecount="1"/>
        <line num="117" count="3" type="stmt"/>
        <line num="120" count="1" type="stmt"/>
        <line num="123" count="1" type="stmt"/>
        <line num="124" count="1" type="cond" truecount="1" falsecount="1"/>
        <line num="126" count="2" type="stmt"/>
        <line num="130" count="35" type="stmt"/>
      </file>
      <file name="useGradingCenter.ts" path="C:\CursosOnline\frontend\src\routes\pages\professor\components\useGradingCenter.ts">
        <metrics statements="111" coveredstatements="111" conditionals="30" coveredconditionals="28" methods="10" coveredmethods="10"/>
        <line num="17" count="2" type="stmt"/>
        <line num="19" count="143" type="stmt"/>
        <line num="20" count="143" type="stmt"/>
        <line num="21" count="143" type="stmt"/>
        <line num="22" count="143" type="stmt"/>
        <line num="25" count="143" type="stmt"/>
        <line num="26" count="143" type="stmt"/>
        <line num="27" count="143" type="stmt"/>
        <line num="30" count="143" type="stmt"/>
        <line num="31" count="143" type="stmt"/>
        <line num="34" count="143" type="stmt"/>
        <line num="35" count="143" type="stmt"/>
        <line num="36" count="143" type="stmt"/>
        <line num="37" count="143" type="stmt"/>
        <line num="38" count="143" type="stmt"/>
        <line num="40" count="143" type="stmt"/>
        <line num="44" count="143" type="stmt"/>
        <line num="45" count="40" type="cond" truecount="2" falsecount="0"/>
        <line num="46" count="20" type="stmt"/>
        <line num="47" count="20" type="stmt"/>
        <line num="48" count="20" type="stmt"/>
        <line num="49" count="20" type="stmt"/>
        <line num="50" count="20" type="stmt"/>
        <line num="53" count="20" type="stmt"/>
        <line num="54" count="20" type="stmt"/>
        <line num="55" count="20" type="stmt"/>
        <line num="56" count="20" type="stmt"/>
        <line num="57" count="20" type="stmt"/>
        <line num="61" count="19" type="stmt"/>
        <line num="62" count="19" type="stmt"/>
        <line num="63" count="19" type="stmt"/>
        <line num="64" count="19" type="stmt"/>
        <line num="65" count="19" type="stmt"/>
        <line num="67" count="1" type="stmt"/>
        <line num="69" count="20" type="stmt"/>
        <line num="73" count="20" type="stmt"/>
        <line num="76" count="143" type="stmt"/>
        <line num="77" count="9" type="stmt"/>
        <line num="78" count="9" type="stmt"/>
        <line num="80" count="9" type="stmt"/>
        <line num="81" count="9" type="stmt"/>
        <line num="83" count="9" type="cond" truecount="2" falsecount="0"/>
        <line num="84" count="9" type="stmt"/>
        <line num="85" count="8" type="stmt"/>
        <line num="87" count="1" type="stmt"/>
        <line num="89" count="9" type="stmt"/>
        <line num="94" count="143" type="stmt"/>
        <line num="95" count="9" type="stmt"/>
        <line num="96" count="9" type="stmt"/>
        <line num="97" count="9" type="stmt"/>
        <line num="98" count="9" type="stmt"/>
        <line num="99" count="9" type="stmt"/>
        <line num="100" count="9" type="stmt"/>
        <line num="103" count="143" type="stmt"/>
        <line num="104" count="12" type="stmt"/>
        <line num="105" count="10" type="cond" truecount="2" falsecount="0"/>
        <line num="106" count="1" type="stmt"/>
        <line num="107" count="1" type="stmt"/>
        <line num="108" count="1" type="stmt"/>
        <line num="110" count="9" type="stmt"/>
        <line num="113" count="143" type="stmt"/>
        <line num="114" count="6" type="stmt"/>
        <line num="115" count="6" type="cond" truecount="2" falsecount="0"/>
        <line num="116" count="1" type="stmt"/>
        <line num="117" count="1" type="stmt"/>
        <line num="120" count="5" type="cond" truecount="4" falsecount="0"/>
        <line num="121" count="1" type="stmt"/>
        <line num="122" count="1" type="stmt"/>
        <line num="123" count="1" type="stmt"/>
        <line num="126" count="4" type="stmt"/>
        <line num="127" count="4" type="stmt"/>
        <line num="130" count="143" type="stmt"/>
        <line num="131" count="3" type="cond" truecount="5" falsecount="0"/>
        <line num="132" count="1" type="stmt"/>
        <line num="133" count="1" type="stmt"/>
        <line num="136" count="2" type="stmt"/>
        <line num="137" count="2" type="stmt"/>
        <line num="138" count="2" type="stmt"/>
        <line num="139" count="2" type="stmt"/>
        <line num="141" count="2" type="stmt"/>
        <line num="143" count="1" type="stmt"/>
        <line num="144" count="1" type="stmt"/>
        <line num="145" count="1" type="stmt"/>
        <line num="147" count="1" type="stmt"/>
        <line num="149" count="2" type="stmt"/>
        <line num="154" count="143" type="stmt"/>
        <line num="155" count="4" type="stmt"/>
        <line num="156" count="4" type="cond" truecount="4" falsecount="0"/>
        <line num="157" count="1" type="stmt"/>
        <line num="158" count="1" type="stmt"/>
        <line num="161" count="3" type="stmt"/>
        <line num="162" count="3" type="cond" truecount="5" falsecount="0"/>
        <line num="163" count="1" type="stmt"/>
        <line num="164" count="1" type="stmt"/>
        <line num="167" count="2" type="stmt"/>
        <line num="168" count="2" type="stmt"/>
        <line num="169" count="2" type="stmt"/>
        <line num="170" count="2" type="stmt"/>
        <line num="173" count="2" type="cond" truecount="1" falsecount="1"/>
        <line num="174" count="4" type="stmt"/>
        <line num="181" count="1" type="stmt"/>
        <line num="182" count="1" type="stmt"/>
        <line num="183" count="1" type="stmt"/>
        <line num="186" count="1" type="cond" truecount="1" falsecount="1"/>
        <line num="187" count="1" type="stmt"/>
        <line num="191" count="1" type="stmt"/>
        <line num="192" count="1" type="stmt"/>
        <line num="196" count="1" type="stmt"/>
        <line num="199" count="1" type="stmt"/>
        <line num="201" count="2" type="stmt"/>
        <line num="205" count="143" type="stmt"/>
      </file>
    </package>
    <package name="services">
      <metrics statements="115" coveredstatements="22" conditionals="59" coveredconditionals="1" methods="27" coveredmethods="0"/>
      <file name="apiClient.ts" path="C:\CursosOnline\frontend\src\services\apiClient.ts">
        <metrics statements="14" coveredstatements="4" conditionals="8" coveredconditionals="1" methods="4" coveredmethods="0"/>
        <line num="4" count="2" type="cond" truecount="1" falsecount="1"/>
        <line num="9" count="2" type="stmt"/>
        <line num="18" count="2" type="stmt"/>
        <line num="20" count="0" type="stmt"/>
        <line num="22" count="0" type="cond" truecount="0" falsecount="2"/>
        <line num="23" count="0" type="stmt"/>
        <line num="26" count="0" type="stmt"/>
        <line num="29" count="0" type="stmt"/>
        <line num="36" count="2" type="stmt"/>
        <line num="37" count="0" type="stmt"/>
        <line num="39" count="0" type="cond" truecount="0" falsecount="4"/>
        <line num="41" count="0" type="stmt"/>
        <line num="45" count="0" type="stmt"/>
        <line num="47" count="0" type="stmt"/>
      </file>
      <file name="documentService.ts" path="C:\CursosOnline\frontend\src\services\documentService.ts">
        <metrics statements="63" coveredstatements="17" conditionals="28" coveredconditionals="0" methods="16" coveredmethods="0"/>
        <line num="34" count="1" type="stmt"/>
        <line num="41" count="1" type="stmt"/>
        <line num="55" count="1" type="stmt"/>
        <line num="71" count="1" type="stmt"/>
        <line num="72" count="0" type="stmt"/>
        <line num="93" count="1" type="stmt"/>
        <line num="94" count="0" type="stmt"/>
        <line num="95" count="0" type="stmt"/>
        <line num="102" count="1" type="stmt"/>
        <line num="103" count="0" type="stmt"/>
        <line num="104" count="0" type="stmt"/>
        <line num="110" count="1" type="stmt"/>
        <line num="111" count="0" type="stmt"/>
        <line num="112" count="0" type="stmt"/>
        <line num="113" count="0" type="stmt"/>
        <line num="115" count="0" type="stmt"/>
        <line num="124" count="0" type="stmt"/>
        <line num="134" count="1" type="stmt"/>
        <line num="135" count="0" type="stmt"/>
        <line num="136" count="0" type="stmt"/>
        <line num="142" count="1" type="stmt"/>
        <line num="143" count="0" type="stmt"/>
        <line num="144" count="0" type="stmt"/>
        <line num="150" count="1" type="stmt"/>
        <line num="151" count="0" type="stmt"/>
        <line num="152" count="0" type="stmt"/>
        <line num="159" count="1" type="stmt"/>
        <line num="160" count="0" type="stmt"/>
        <line num="164" count="0" type="stmt"/>
        <line num="165" count="0" type="stmt"/>
        <line num="166" count="0" type="stmt"/>
        <line num="167" count="0" type="stmt"/>
        <line num="168" count="0" type="stmt"/>
        <line num="169" count="0" type="stmt"/>
        <line num="170" count="0" type="stmt"/>
        <line num="172" count="0" type="stmt"/>
        <line num="173" count="0" type="stmt"/>
        <line num="180" count="1" type="stmt"/>
        <line num="181" count="0" type="stmt"/>
        <line num="182" count="0" type="stmt"/>
        <line num="189" count="1" type="stmt"/>
        <line num="190" count="0" type="stmt"/>
        <line num="191" count="0" type="stmt"/>
        <line num="198" count="1" type="stmt"/>
        <line num="199" count="0" type="stmt"/>
        <line num="200" count="0" type="stmt"/>
        <line num="201" count="0" type="stmt"/>
        <line num="202" count="0" type="stmt"/>
        <line num="206" count="0" type="stmt"/>
        <line num="210" count="0" type="stmt"/>
        <line num="217" count="1" type="stmt"/>
        <line num="218" count="0" type="stmt"/>
        <line num="221" count="0" type="stmt"/>
        <line num="228" count="1" type="stmt"/>
        <line num="233" count="0" type="stmt"/>
        <line num="234" count="0" type="stmt"/>
        <line num="235" count="0" type="stmt"/>
        <line num="236" count="0" type="stmt"/>
        <line num="238" count="0" type="stmt"/>
        <line num="242" count="0" type="stmt"/>
        <line num="249" count="1" type="stmt"/>
        <line num="250" count="0" type="stmt"/>
        <line num="251" count="0" type="stmt"/>
      </file>
      <file name="useCourseCatalog.ts" path="C:\CursosOnline\frontend\src\services\useCourseCatalog.ts">
        <metrics statements="38" coveredstatements="1" conditionals="23" coveredconditionals="0" methods="7" coveredmethods="0"/>
        <line num="6" count="1" type="stmt"/>
        <line num="7" count="0" type="stmt"/>
        <line num="8" count="0" type="stmt"/>
        <line num="9" count="0" type="stmt"/>
        <line num="10" count="0" type="stmt"/>
        <line num="11" count="0" type="stmt"/>
        <line num="13" count="0" type="stmt"/>
        <line num="14" count="0" type="stmt"/>
        <line num="15" count="0" type="stmt"/>
        <line num="18" count="0" type="stmt"/>
        <line num="21" count="0" type="stmt"/>
        <line num="22" count="0" type="stmt"/>
        <line num="23" count="0" type="stmt"/>
        <line num="24" count="0" type="stmt"/>
        <line num="25" count="0" type="cond" truecount="0" falsecount="2"/>
        <line num="27" count="0" type="stmt"/>
        <line num="31" count="0" type="cond" truecount="0" falsecount="4"/>
        <line num="32" count="0" type="stmt"/>
        <line num="35" count="0" type="stmt"/>
        <line num="36" count="0" type="stmt"/>
        <line num="38" count="0" type="stmt"/>
        <line num="42" count="0" type="cond" truecount="0" falsecount="1"/>
        <line num="43" count="0" type="stmt"/>
        <line num="44" count="0" type="stmt"/>
        <line num="46" count="0" type="stmt"/>
        <line num="47" count="0" type="cond" truecount="0" falsecount="2"/>
        <line num="51" count="0" type="cond" truecount="0" falsecount="4"/>
        <line num="52" count="0" type="stmt"/>
        <line num="53" count="0" type="cond" truecount="0" falsecount="4"/>
        <line num="54" count="0" type="stmt"/>
        <line num="56" count="0" type="stmt"/>
        <line num="59" count="0" type="stmt"/>
        <line num="60" count="0" type="stmt"/>
        <line num="61" count="0" type="cond" truecount="0" falsecount="4"/>
        <line num="62" count="0" type="stmt"/>
        <line num="64" count="0" type="stmt"/>
        <line num="66" count="0" type="stmt"/>
        <line num="70" count="0" type="stmt"/>
      </file>
    </package>
  </project>
</coverage>
