{"C:\\CursosOnline\\frontend\\src\\auth\\AuthContext.tsx": {"path":"C:\\CursosOnline\\frontend\\src\\auth\\AuthContext.tsx","statementMap":{"0":{"start":{"line":8,"column":13},"end":{"line":15,"column":null}}},"fnMap":{"0":{"name":"(anonymous_0)","decl":{"start":{"line":12,"column":11},"end":{"line":12,"column":17}},"loc":{"start":{"line":12,"column":17},"end":{"line":12,"column":null}},"line":12},"1":{"name":"(anonymous_1)","decl":{"start":{"line":13,"column":16},"end":{"line":13,"column":22}},"loc":{"start":{"line":13,"column":22},"end":{"line":13,"column":null}},"line":13},"2":{"name":"(anonymous_2)","decl":{"start":{"line":14,"column":12},"end":{"line":14,"column":18}},"loc":{"start":{"line":14,"column":18},"end":{"line":14,"column":null}},"line":14}},"branchMap":{},"s":{"0":1},"f":{"0":0,"1":0,"2":0},"b":{},"meta":{"lastBranch":0,"lastFunction":3,"lastStatement":1,"seen":{"s:8:13:15:Infinity":0,"f:12:11:12:17":0,"f:13:16:13:22":1,"f:14:12:14:18":2},"fnNames":{}}}
,"C:\\CursosOnline\\frontend\\src\\auth\\authStorage.ts": {"path":"C:\\CursosOnline\\frontend\\src\\auth\\authStorage.ts","statementMap":{"0":{"start":{"line":4,"column":17},"end":{"line":4,"column":null}},"1":{"start":{"line":5,"column":18},"end":{"line":5,"column":null}},"2":{"start":{"line":7,"column":24},"end":{"line":13,"column":null}},"3":{"start":{"line":16,"column":4},"end":{"line":16,"column":null}},"4":{"start":{"line":16,"column":73},"end":{"line":16,"column":97}},"5":{"start":{"line":20,"column":4},"end":{"line":22,"column":null}},"6":{"start":{"line":21,"column":8},"end":{"line":21,"column":null}},"7":{"start":{"line":24,"column":19},"end":{"line":24,"column":null}},"8":{"start":{"line":25,"column":4},"end":{"line":31,"column":null}},"9":{"start":{"line":36,"column":4},"end":{"line":36,"column":null}},"10":{"start":{"line":43,"column":4},"end":{"line":45,"column":null}},"11":{"start":{"line":44,"column":8},"end":{"line":44,"column":null}},"12":{"start":{"line":46,"column":4},"end":{"line":46,"column":null}},"13":{"start":{"line":53,"column":4},"end":{"line":55,"column":null}},"14":{"start":{"line":54,"column":8},"end":{"line":54,"column":null}},"15":{"start":{"line":56,"column":4},"end":{"line":56,"column":null}},"16":{"start":{"line":63,"column":4},"end":{"line":65,"column":null}},"17":{"start":{"line":64,"column":8},"end":{"line":64,"column":null}},"18":{"start":{"line":68,"column":21},"end":{"line":68,"column":null}},"19":{"start":{"line":69,"column":4},"end":{"line":71,"column":null}},"20":{"start":{"line":70,"column":8},"end":{"line":70,"column":null}},"21":{"start":{"line":73,"column":4},"end":{"line":96,"column":null}},"22":{"start":{"line":74,"column":28},"end":{"line":74,"column":null}},"23":{"start":{"line":76,"column":8},"end":{"line":78,"column":null}},"24":{"start":{"line":77,"column":12},"end":{"line":77,"column":null}},"25":{"start":{"line":81,"column":8},"end":{"line":85,"column":null}},"26":{"start":{"line":82,"column":12},"end":{"line":82,"column":null}},"27":{"start":{"line":83,"column":12},"end":{"line":83,"column":null}},"28":{"start":{"line":84,"column":12},"end":{"line":84,"column":null}},"29":{"start":{"line":87,"column":31},"end":{"line":91,"column":null}},"30":{"start":{"line":93,"column":8},"end":{"line":93,"column":null}},"31":{"start":{"line":95,"column":8},"end":{"line":95,"column":null}},"32":{"start":{"line":103,"column":4},"end":{"line":105,"column":null}},"33":{"start":{"line":104,"column":8},"end":{"line":104,"column":null}},"34":{"start":{"line":107,"column":4},"end":{"line":107,"column":null}},"35":{"start":{"line":114,"column":4},"end":{"line":116,"column":null}},"36":{"start":{"line":115,"column":8},"end":{"line":115,"column":null}},"37":{"start":{"line":118,"column":4},"end":{"line":118,"column":null}},"38":{"start":{"line":119,"column":4},"end":{"line":119,"column":null}},"39":{"start":{"line":120,"column":4},"end":{"line":120,"column":null}}},"fnMap":{"0":{"name":"normalizeInterestArray","decl":{"start":{"line":15,"column":9},"end":{"line":15,"column":32}},"loc":{"start":{"line":15,"column":58},"end":{"line":17,"column":null}},"line":15},"1":{"name":"(anonymous_1)","decl":{"start":{"line":16,"column":47},"end":{"line":16,"column":48}},"loc":{"start":{"line":16,"column":73},"end":{"line":16,"column":97}},"line":16},"2":{"name":"normalizeInterests","decl":{"start":{"line":19,"column":9},"end":{"line":19,"column":28}},"loc":{"start":{"line":19,"column":48},"end":{"line":32,"column":null}},"line":19},"3":{"name":"canUseBrowserStorage","decl":{"start":{"line":35,"column":9},"end":{"line":35,"column":32}},"loc":{"start":{"line":35,"column":32},"end":{"line":37,"column":null}},"line":35},"4":{"name":"readStoredToken","decl":{"start":{"line":42,"column":16},"end":{"line":42,"column":49}},"loc":{"start":{"line":42,"column":49},"end":{"line":47,"column":null}},"line":42},"5":{"name":"writeStoredToken","decl":{"start":{"line":52,"column":16},"end":{"line":52,"column":33}},"loc":{"start":{"line":52,"column":48},"end":{"line":57,"column":null}},"line":52},"6":{"name":"readStoredAuthUser","decl":{"start":{"line":62,"column":16},"end":{"line":62,"column":54}},"loc":{"start":{"line":62,"column":54},"end":{"line":97,"column":null}},"line":62},"7":{"name":"writeStoredAuthUser","decl":{"start":{"line":102,"column":16},"end":{"line":102,"column":36}},"loc":{"start":{"line":102,"column":52},"end":{"line":108,"column":null}},"line":102},"8":{"name":"clearStoredAuth","decl":{"start":{"line":113,"column":16},"end":{"line":113,"column":34}},"loc":{"start":{"line":113,"column":34},"end":{"line":121,"column":null}},"line":113}},"branchMap":{"0":{"loc":{"start":{"line":16,"column":11},"end":{"line":16,"column":null}},"type":"cond-expr","locations":[{"start":{"line":16,"column":34},"end":{"line":16,"column":101}},{"start":{"line":16,"column":101},"end":{"line":16,"column":null}}],"line":16},"1":{"loc":{"start":{"line":20,"column":4},"end":{"line":22,"column":null}},"type":"if","locations":[{"start":{"line":20,"column":4},"end":{"line":22,"column":null}},{"start":{},"end":{}}],"line":20},"2":{"loc":{"start":{"line":20,"column":8},"end":{"line":20,"column":53}},"type":"binary-expr","locations":[{"start":{"line":20,"column":8},"end":{"line":20,"column":22}},{"start":{"line":20,"column":22},"end":{"line":20,"column":53}}],"line":20},"3":{"loc":{"start":{"line":36,"column":11},"end":{"line":36,"column":null}},"type":"binary-expr","locations":[{"start":{"line":36,"column":11},"end":{"line":36,"column":44}},{"start":{"line":36,"column":44},"end":{"line":36,"column":null}}],"line":36},"4":{"loc":{"start":{"line":43,"column":4},"end":{"line":45,"column":null}},"type":"if","locations":[{"start":{"line":43,"column":4},"end":{"line":45,"column":null}},{"start":{},"end":{}}],"line":43},"5":{"loc":{"start":{"line":53,"column":4},"end":{"line":55,"column":null}},"type":"if","locations":[{"start":{"line":53,"column":4},"end":{"line":55,"column":null}},{"start":{},"end":{}}],"line":53},"6":{"loc":{"start":{"line":63,"column":4},"end":{"line":65,"column":null}},"type":"if","locations":[{"start":{"line":63,"column":4},"end":{"line":65,"column":null}},{"start":{},"end":{}}],"line":63},"7":{"loc":{"start":{"line":68,"column":21},"end":{"line":68,"column":null}},"type":"binary-expr","locations":[{"start":{"line":68,"column":21},"end":{"line":68,"column":62}},{"start":{"line":68,"column":62},"end":{"line":68,"column":null}}],"line":68},"8":{"loc":{"start":{"line":69,"column":4},"end":{"line":71,"column":null}},"type":"if","locations":[{"start":{"line":69,"column":4},"end":{"line":71,"column":null}},{"start":{},"end":{}}],"line":69},"9":{"loc":{"start":{"line":76,"column":8},"end":{"line":78,"column":null}},"type":"if","locations":[{"start":{"line":76,"column":8},"end":{"line":78,"column":null}},{"start":{},"end":{}}],"line":76},"10":{"loc":{"start":{"line":76,"column":12},"end":{"line":76,"column":86}},"type":"binary-expr","locations":[{"start":{"line":76,"column":12},"end":{"line":76,"column":56}},{"start":{"line":76,"column":56},"end":{"line":76,"column":86}}],"line":76},"11":{"loc":{"start":{"line":81,"column":8},"end":{"line":85,"column":null}},"type":"if","locations":[{"start":{"line":81,"column":8},"end":{"line":85,"column":null}},{"start":{},"end":{}}],"line":81},"12":{"loc":{"start":{"line":81,"column":12},"end":{"line":81,"column":73}},"type":"binary-expr","locations":[{"start":{"line":81,"column":12},"end":{"line":81,"column":37}},{"start":{"line":81,"column":37},"end":{"line":81,"column":73}}],"line":81},"13":{"loc":{"start":{"line":103,"column":4},"end":{"line":105,"column":null}},"type":"if","locations":[{"start":{"line":103,"column":4},"end":{"line":105,"column":null}},{"start":{},"end":{}}],"line":103},"14":{"loc":{"start":{"line":114,"column":4},"end":{"line":116,"column":null}},"type":"if","locations":[{"start":{"line":114,"column":4},"end":{"line":116,"column":null}},{"start":{},"end":{}}],"line":114}},"s":{"0":2,"1":2,"2":2,"3":0,"4":0,"5":0,"6":0,"7":0,"8":0,"9":0,"10":0,"11":0,"12":0,"13":0,"14":0,"15":0,"16":0,"17":0,"18":0,"19":0,"20":0,"21":0,"22":0,"23":0,"24":0,"25":0,"26":0,"27":0,"28":0,"29":0,"30":0,"31":0,"32":0,"33":0,"34":0,"35":0,"36":0,"37":0,"38":0,"39":0},"f":{"0":0,"1":0,"2":0,"3":0,"4":0,"5":0,"6":0,"7":0,"8":0},"b":{"0":[0,0],"1":[0,0],"2":[0,0],"3":[0,0],"4":[0,0],"5":[0,0],"6":[0,0],"7":[0,0],"8":[0,0],"9":[0,0],"10":[0,0],"11":[0,0],"12":[0,0],"13":[0,0],"14":[0,0]},"meta":{"lastBranch":15,"lastFunction":9,"lastStatement":40,"seen":{"s:4:17:4:Infinity":0,"s:5:18:5:Infinity":1,"s:7:24:13:Infinity":2,"f:15:9:15:32":0,"s:16:4:16:Infinity":3,"b:16:34:16:101:16:101:16:Infinity":0,"f:16:47:16:48":1,"s:16:73:16:97":4,"f:19:9:19:28":2,"b:20:4:22:Infinity:undefined:undefined:undefined:undefined":1,"s:20:4:22:Infinity":5,"b:20:8:20:22:20:22:20:53":2,"s:21:8:21:Infinity":6,"s:24:19:24:Infinity":7,"s:25:4:31:Infinity":8,"f:35:9:35:32":3,"s:36:4:36:Infinity":9,"b:36:11:36:44:36:44:36:Infinity":3,"f:42:16:42:49":4,"b:43:4:45:Infinity:undefined:undefined:undefined:undefined":4,"s:43:4:45:Infinity":10,"s:44:8:44:Infinity":11,"s:46:4:46:Infinity":12,"f:52:16:52:33":5,"b:53:4:55:Infinity:undefined:undefined:undefined:undefined":5,"s:53:4:55:Infinity":13,"s:54:8:54:Infinity":14,"s:56:4:56:Infinity":15,"f:62:16:62:54":6,"b:63:4:65:Infinity:undefined:undefined:undefined:undefined":6,"s:63:4:65:Infinity":16,"s:64:8:64:Infinity":17,"s:68:21:68:Infinity":18,"b:68:21:68:62:68:62:68:Infinity":7,"b:69:4:71:Infinity:undefined:undefined:undefined:undefined":8,"s:69:4:71:Infinity":19,"s:70:8:70:Infinity":20,"s:73:4:96:Infinity":21,"s:74:28:74:Infinity":22,"b:76:8:78:Infinity:undefined:undefined:undefined:undefined":9,"s:76:8:78:Infinity":23,"b:76:12:76:56:76:56:76:86":10,"s:77:12:77:Infinity":24,"b:81:8:85:Infinity:undefined:undefined:undefined:undefined":11,"s:81:8:85:Infinity":25,"b:81:12:81:37:81:37:81:73":12,"s:82:12:82:Infinity":26,"s:83:12:83:Infinity":27,"s:84:12:84:Infinity":28,"s:87:31:91:Infinity":29,"s:93:8:93:Infinity":30,"s:95:8:95:Infinity":31,"f:102:16:102:36":7,"b:103:4:105:Infinity:undefined:undefined:undefined:undefined":13,"s:103:4:105:Infinity":32,"s:104:8:104:Infinity":33,"s:107:4:107:Infinity":34,"f:113:16:113:34":8,"b:114:4:116:Infinity:undefined:undefined:undefined:undefined":14,"s:114:4:116:Infinity":35,"s:115:8:115:Infinity":36,"s:118:4:118:Infinity":37,"s:119:4:119:Infinity":38,"s:120:4:120:Infinity":39},"fnNames":{}}}
,"C:\\CursosOnline\\frontend\\src\\components\\ui\\Input.tsx": {"path":"C:\\CursosOnline\\frontend\\src\\components\\ui\\Input.tsx","statementMap":{"0":{"start":{"line":81,"column":14},"end":{"line":135,"column":null}},"1":{"start":{"line":83,"column":23},"end":{"line":83,"column":null}},"2":{"start":{"line":87,"column":24},"end":{"line":89,"column":null}},"3":{"start":{"line":92,"column":25},"end":{"line":92,"column":null}},"4":{"start":{"line":94,"column":4},"end":{"line":133,"column":null}}},"fnMap":{"0":{"name":"(anonymous_0)","decl":{"start":{"line":81,"column":14},"end":{"line":81,"column":15}},"loc":{"start":{"line":81,"column":69},"end":{"line":135,"column":null}},"line":81}},"branchMap":{"0":{"loc":{"start":{"line":87,"column":24},"end":{"line":89,"column":null}},"type":"cond-expr","locations":[{"start":{"line":88,"column":10},"end":{"line":88,"column":null}},{"start":{"line":89,"column":10},"end":{"line":89,"column":null}}],"line":87},"1":{"loc":{"start":{"line":92,"column":57},"end":{"line":92,"column":72}},"type":"binary-expr","locations":[{"start":{"line":92,"column":57},"end":{"line":92,"column":70}},{"start":{"line":92,"column":70},"end":{"line":92,"column":72}}],"line":92},"2":{"loc":{"start":{"line":103,"column":13},"end":{"line":106,"column":null}},"type":"binary-expr","locations":[{"start":{"line":103,"column":13},"end":{"line":103,"column":null}},{"start":{"line":104,"column":16},"end":{"line":106,"column":null}}],"line":103},"3":{"loc":{"start":{"line":128,"column":13},"end":{"line":131,"column":null}},"type":"binary-expr","locations":[{"start":{"line":128,"column":13},"end":{"line":128,"column":null}},{"start":{"line":129,"column":16},"end":{"line":131,"column":null}}],"line":128}},"s":{"0":1,"1":9,"2":9,"3":9,"4":9},"f":{"0":9},"b":{"0":[0,9],"1":[9,0],"2":[9,0],"3":[9,0]},"meta":{"lastBranch":4,"lastFunction":1,"lastStatement":5,"seen":{"s:81:14:135:Infinity":0,"f:81:14:81:15":0,"s:83:23:83:Infinity":1,"s:87:24:89:Infinity":2,"b:88:10:88:Infinity:89:10:89:Infinity":0,"s:92:25:92:Infinity":3,"b:92:57:92:70:92:70:92:72":1,"s:94:4:133:Infinity":4,"b:103:13:103:Infinity:104:16:106:Infinity":2,"b:128:13:128:Infinity:129:16:131:Infinity":3},"fnNames":{}}}
,"C:\\CursosOnline\\frontend\\src\\components\\ui\\courseSearch\\CourseSearchEngine.tsx": {"path":"C:\\CursosOnline\\frontend\\src\\components\\ui\\courseSearch\\CourseSearchEngine.tsx","statementMap":{"0":{"start":{"line":16,"column":34},"end":{"line":85,"column":null}},"1":{"start":{"line":25,"column":4},"end":{"line":83,"column":null}},"2":{"start":{"line":40,"column":41},"end":{"line":40,"column":null}},"3":{"start":{"line":57,"column":24},"end":{"line":79,"column":null}}},"fnMap":{"0":{"name":"(anonymous_0)","decl":{"start":{"line":16,"column":34},"end":{"line":16,"column":35}},"loc":{"start":{"line":24,"column":31},"end":{"line":85,"column":null}},"line":24},"1":{"name":"(anonymous_1)","decl":{"start":{"line":40,"column":34},"end":{"line":40,"column":35}},"loc":{"start":{"line":40,"column":41},"end":{"line":40,"column":null}},"line":40},"2":{"name":"(anonymous_2)","decl":{"start":{"line":56,"column":39},"end":{"line":56,"column":40}},"loc":{"start":{"line":57,"column":24},"end":{"line":79,"column":null}},"line":57}},"branchMap":{"0":{"loc":{"start":{"line":44,"column":21},"end":{"line":45,"column":null}},"type":"binary-expr","locations":[{"start":{"line":44,"column":21},"end":{"line":44,"column":null}},{"start":{"line":45,"column":24},"end":{"line":45,"column":null}}],"line":44},"1":{"loc":{"start":{"line":51,"column":17},"end":{"line":80,"column":null}},"type":"cond-expr","locations":[{"start":{"line":52,"column":20},"end":{"line":54,"column":null}},{"start":{"line":56,"column":20},"end":{"line":80,"column":null}}],"line":51},"2":{"loc":{"start":{"line":51,"column":17},"end":{"line":51,"column":null}},"type":"binary-expr","locations":[{"start":{"line":51,"column":17},"end":{"line":51,"column":48}},{"start":{"line":51,"column":48},"end":{"line":51,"column":null}}],"line":51},"3":{"loc":{"start":{"line":61,"column":41},"end":{"line":61,"column":null}},"type":"binary-expr","locations":[{"start":{"line":61,"column":41},"end":{"line":61,"column":60}},{"start":{"line":61,"column":60},"end":{"line":61,"column":null}}],"line":61},"4":{"loc":{"start":{"line":67,"column":55},"end":{"line":67,"column":null}},"type":"binary-expr","locations":[{"start":{"line":67,"column":55},"end":{"line":67,"column":77}},{"start":{"line":67,"column":77},"end":{"line":67,"column":null}}],"line":67},"5":{"loc":{"start":{"line":73,"column":74},"end":{"line":73,"column":123}},"type":"cond-expr","locations":[{"start":{"line":73,"column":90},"end":{"line":73,"column":117}},{"start":{"line":73,"column":117},"end":{"line":73,"column":123}}],"line":73}},"s":{"0":1,"1":9,"2":1,"3":17},"f":{"0":9,"1":1,"2":17},"b":{"0":[9,0],"1":[0,9],"2":[9,0],"3":[17,0],"4":[17,0],"5":[17,0]},"meta":{"lastBranch":6,"lastFunction":3,"lastStatement":4,"seen":{"s:16:34:85:Infinity":0,"f:16:34:16:35":0,"s:25:4:83:Infinity":1,"f:40:34:40:35":1,"s:40:41:40:Infinity":2,"b:44:21:44:Infinity:45:24:45:Infinity":0,"b:52:20:54:Infinity:56:20:80:Infinity":1,"b:51:17:51:48:51:48:51:Infinity":2,"f:56:39:56:40":2,"s:57:24:79:Infinity":3,"b:61:41:61:60:61:60:61:Infinity":3,"b:67:55:67:77:67:77:67:Infinity":4,"b:73:90:73:117:73:117:73:123":5},"fnNames":{}}}
,"C:\\CursosOnline\\frontend\\src\\components\\ui\\genericButton\\GenericButton.tsx": {"path":"C:\\CursosOnline\\frontend\\src\\components\\ui\\genericButton\\GenericButton.tsx","statementMap":{"0":{"start":{"line":40,"column":22},"end":{"line":110,"column":null}},"1":{"start":{"line":55,"column":21},"end":{"line":55,"column":null}},"2":{"start":{"line":56,"column":23},"end":{"line":56,"column":null}},"3":{"start":{"line":57,"column":19},"end":{"line":57,"column":null}},"4":{"start":{"line":58,"column":22},"end":{"line":58,"column":null}},"5":{"start":{"line":59,"column":22},"end":{"line":59,"column":null}},"6":{"start":{"line":62,"column":24},"end":{"line":67,"column":null}},"7":{"start":{"line":69,"column":19},"end":{"line":69,"column":null}},"8":{"start":{"line":71,"column":27},"end":{"line":85,"column":null}},"9":{"start":{"line":88,"column":30},"end":{"line":88,"column":null}},"10":{"start":{"line":91,"column":26},"end":{"line":91,"column":null}},"11":{"start":{"line":93,"column":4},"end":{"line":108,"column":null}}},"fnMap":{"0":{"name":"(anonymous_0)","decl":{"start":{"line":40,"column":22},"end":{"line":40,"column":23}},"loc":{"start":{"line":52,"column":26},"end":{"line":110,"column":null}},"line":52}},"branchMap":{"0":{"loc":{"start":{"line":47,"column":4},"end":{"line":47,"column":null}},"type":"default-arg","locations":[{"start":{"line":47,"column":14},"end":{"line":47,"column":null}}],"line":47},"1":{"loc":{"start":{"line":48,"column":4},"end":{"line":48,"column":null}},"type":"default-arg","locations":[{"start":{"line":48,"column":11},"end":{"line":48,"column":null}}],"line":48},"2":{"loc":{"start":{"line":49,"column":4},"end":{"line":49,"column":null}},"type":"default-arg","locations":[{"start":{"line":49,"column":15},"end":{"line":49,"column":null}}],"line":49},"3":{"loc":{"start":{"line":50,"column":4},"end":{"line":50,"column":null}},"type":"default-arg","locations":[{"start":{"line":50,"column":16},"end":{"line":50,"column":null}}],"line":50},"4":{"loc":{"start":{"line":51,"column":4},"end":{"line":51,"column":null}},"type":"default-arg","locations":[{"start":{"line":51,"column":15},"end":{"line":51,"column":null}}],"line":51},"5":{"loc":{"start":{"line":71,"column":27},"end":{"line":85,"column":null}},"type":"cond-expr","locations":[{"start":{"line":72,"column":10},"end":{"line":72,"column":null}},{"start":{"line":73,"column":10},"end":{"line":85,"column":null}}],"line":71},"6":{"loc":{"start":{"line":73,"column":10},"end":{"line":85,"column":null}},"type":"cond-expr","locations":[{"start":{"line":74,"column":15},"end":{"line":76,"column":null}},{"start":{"line":77,"column":14},"end":{"line":85,"column":null}}],"line":73},"7":{"loc":{"start":{"line":74,"column":15},"end":{"line":76,"column":null}},"type":"cond-expr","locations":[{"start":{"line":75,"column":18},"end":{"line":75,"column":null}},{"start":{"line":76,"column":18},"end":{"line":76,"column":null}}],"line":74},"8":{"loc":{"start":{"line":77,"column":14},"end":{"line":85,"column":null}},"type":"cond-expr","locations":[{"start":{"line":78,"column":18},"end":{"line":78,"column":null}},{"start":{"line":79,"column":18},"end":{"line":85,"column":null}}],"line":77},"9":{"loc":{"start":{"line":79,"column":18},"end":{"line":85,"column":null}},"type":"cond-expr","locations":[{"start":{"line":80,"column":22},"end":{"line":80,"column":null}},{"start":{"line":81,"column":22},"end":{"line":85,"column":null}}],"line":79},"10":{"loc":{"start":{"line":81,"column":22},"end":{"line":85,"column":null}},"type":"cond-expr","locations":[{"start":{"line":82,"column":26},"end":{"line":82,"column":null}},{"start":{"line":83,"column":26},"end":{"line":85,"column":null}}],"line":81},"11":{"loc":{"start":{"line":83,"column":26},"end":{"line":85,"column":null}},"type":"cond-expr","locations":[{"start":{"line":84,"column":30},"end":{"line":84,"column":null}},{"start":{"line":85,"column":30},"end":{"line":85,"column":null}}],"line":83},"12":{"loc":{"start":{"line":88,"column":30},"end":{"line":88,"column":null}},"type":"cond-expr","locations":[{"start":{"line":88,"column":57},"end":{"line":88,"column":97}},{"start":{"line":88,"column":97},"end":{"line":88,"column":null}}],"line":88},"13":{"loc":{"start":{"line":88,"column":30},"end":{"line":88,"column":57}},"type":"binary-expr","locations":[{"start":{"line":88,"column":30},"end":{"line":88,"column":43}},{"start":{"line":88,"column":43},"end":{"line":88,"column":57}}],"line":88},"14":{"loc":{"start":{"line":99,"column":24},"end":{"line":99,"column":null}},"type":"binary-expr","locations":[{"start":{"line":99,"column":24},"end":{"line":99,"column":37}},{"start":{"line":99,"column":37},"end":{"line":99,"column":null}}],"line":99},"15":{"loc":{"start":{"line":104,"column":13},"end":{"line":104,"column":null}},"type":"binary-expr","locations":[{"start":{"line":104,"column":13},"end":{"line":104,"column":21}},{"start":{"line":104,"column":21},"end":{"line":104,"column":null}}],"line":104},"16":{"loc":{"start":{"line":107,"column":13},"end":{"line":107,"column":null}},"type":"binary-expr","locations":[{"start":{"line":107,"column":13},"end":{"line":107,"column":22}},{"start":{"line":107,"column":22},"end":{"line":107,"column":null}}],"line":107}},"s":{"0":3,"1":56,"2":56,"3":56,"4":56,"5":56,"6":56,"7":56,"8":56,"9":56,"10":56,"11":56},"f":{"0":56},"b":{"0":[56],"1":[56],"2":[56],"3":[56],"4":[56],"5":[0,56],"6":[0,56],"7":[0,0],"8":[0,56],"9":[51,5],"10":[4,1],"11":[0,1],"12":[56,0],"13":[56,56],"14":[56,56],"15":[56,56],"16":[56,55]},"meta":{"lastBranch":17,"lastFunction":1,"lastStatement":12,"seen":{"s:40:22:110:Infinity":0,"f:40:22:40:23":0,"b:47:14:47:Infinity":0,"b:48:11:48:Infinity":1,"b:49:15:49:Infinity":2,"b:50:16:50:Infinity":3,"b:51:15:51:Infinity":4,"s:55:21:55:Infinity":1,"s:56:23:56:Infinity":2,"s:57:19:57:Infinity":3,"s:58:22:58:Infinity":4,"s:59:22:59:Infinity":5,"s:62:24:67:Infinity":6,"s:69:19:69:Infinity":7,"s:71:27:85:Infinity":8,"b:72:10:72:Infinity:73:10:85:Infinity":5,"b:74:15:76:Infinity:77:14:85:Infinity":6,"b:75:18:75:Infinity:76:18:76:Infinity":7,"b:78:18:78:Infinity:79:18:85:Infinity":8,"b:80:22:80:Infinity:81:22:85:Infinity":9,"b:82:26:82:Infinity:83:26:85:Infinity":10,"b:84:30:84:Infinity:85:30:85:Infinity":11,"s:88:30:88:Infinity":9,"b:88:57:88:97:88:97:88:Infinity":12,"b:88:30:88:43:88:43:88:57":13,"s:91:26:91:Infinity":10,"s:93:4:108:Infinity":11,"b:99:24:99:37:99:37:99:Infinity":14,"b:104:13:104:21:104:21:104:Infinity":15,"b:107:13:107:22:107:22:107:Infinity":16},"fnNames":{}}}
,"C:\\CursosOnline\\frontend\\src\\components\\ui\\genericCard\\GenericCard.tsx": {"path":"C:\\CursosOnline\\frontend\\src\\components\\ui\\genericCard\\GenericCard.tsx","statementMap":{"0":{"start":{"line":9,"column":20},"end":{"line":15,"column":null}},"1":{"start":{"line":10,"column":4},"end":{"line":13,"column":null}}},"fnMap":{"0":{"name":"(anonymous_0)","decl":{"start":{"line":9,"column":20},"end":{"line":9,"column":21}},"loc":{"start":{"line":9,"column":72},"end":{"line":15,"column":null}},"line":9}},"branchMap":{"0":{"loc":{"start":{"line":9,"column":33},"end":{"line":9,"column":48}},"type":"default-arg","locations":[{"start":{"line":9,"column":45},"end":{"line":9,"column":48}}],"line":9}},"s":{"0":3,"1":441},"f":{"0":441},"b":{"0":[441]},"meta":{"lastBranch":1,"lastFunction":1,"lastStatement":2,"seen":{"s:9:20:15:Infinity":0,"f:9:20:9:21":0,"b:9:45:9:48":0,"s:10:4:13:Infinity":1},"fnNames":{}}}
,"C:\\CursosOnline\\frontend\\src\\components\\ui\\genericHeader\\GenericHeader.tsx": {"path":"C:\\CursosOnline\\frontend\\src\\components\\ui\\genericHeader\\GenericHeader.tsx","statementMap":{"0":{"start":{"line":149,"column":67},"end":{"line":153,"column":null}},"1":{"start":{"line":168,"column":65},"end":{"line":172,"column":null}},"2":{"start":{"line":237,"column":22},"end":{"line":345,"column":null}},"3":{"start":{"line":255,"column":4},"end":{"line":343,"column":null}}},"fnMap":{"0":{"name":"(anonymous_0)","decl":{"start":{"line":237,"column":22},"end":{"line":237,"column":23}},"loc":{"start":{"line":254,"column":26},"end":{"line":345,"column":null}},"line":254}},"branchMap":{"0":{"loc":{"start":{"line":242,"column":4},"end":{"line":242,"column":null}},"type":"default-arg","locations":[{"start":{"line":242,"column":15},"end":{"line":242,"column":null}}],"line":242},"1":{"loc":{"start":{"line":244,"column":4},"end":{"line":244,"column":null}},"type":"default-arg","locations":[{"start":{"line":244,"column":14},"end":{"line":244,"column":null}}],"line":244},"2":{"loc":{"start":{"line":245,"column":4},"end":{"line":245,"column":null}},"type":"default-arg","locations":[{"start":{"line":245,"column":17},"end":{"line":245,"column":null}}],"line":245},"3":{"loc":{"start":{"line":246,"column":4},"end":{"line":246,"column":null}},"type":"default-arg","locations":[{"start":{"line":246,"column":20},"end":{"line":246,"column":null}}],"line":246},"4":{"loc":{"start":{"line":247,"column":4},"end":{"line":247,"column":null}},"type":"default-arg","locations":[{"start":{"line":247,"column":23},"end":{"line":247,"column":null}}],"line":247},"5":{"loc":{"start":{"line":248,"column":4},"end":{"line":248,"column":null}},"type":"default-arg","locations":[{"start":{"line":248,"column":12},"end":{"line":248,"column":null}}],"line":248},"6":{"loc":{"start":{"line":249,"column":4},"end":{"line":249,"column":null}},"type":"default-arg","locations":[{"start":{"line":249,"column":21},"end":{"line":249,"column":null}}],"line":249},"7":{"loc":{"start":{"line":250,"column":4},"end":{"line":250,"column":null}},"type":"default-arg","locations":[{"start":{"line":250,"column":18},"end":{"line":250,"column":null}}],"line":250},"8":{"loc":{"start":{"line":251,"column":4},"end":{"line":251,"column":null}},"type":"default-arg","locations":[{"start":{"line":251,"column":21},"end":{"line":251,"column":null}}],"line":251},"9":{"loc":{"start":{"line":252,"column":4},"end":{"line":252,"column":null}},"type":"default-arg","locations":[{"start":{"line":252,"column":16},"end":{"line":252,"column":null}}],"line":252},"10":{"loc":{"start":{"line":253,"column":4},"end":{"line":253,"column":null}},"type":"default-arg","locations":[{"start":{"line":253,"column":22},"end":{"line":253,"column":null}}],"line":253},"11":{"loc":{"start":{"line":279,"column":21},"end":{"line":282,"column":null}},"type":"binary-expr","locations":[{"start":{"line":279,"column":21},"end":{"line":279,"column":null}},{"start":{"line":280,"column":24},"end":{"line":282,"column":null}}],"line":279},"12":{"loc":{"start":{"line":290,"column":63},"end":{"line":290,"column":105}},"type":"cond-expr","locations":[{"start":{"line":290,"column":84},"end":{"line":290,"column":103}},{"start":{"line":290,"column":103},"end":{"line":290,"column":105}}],"line":290},"13":{"loc":{"start":{"line":295,"column":25},"end":{"line":295,"column":null}},"type":"binary-expr","locations":[{"start":{"line":295,"column":25},"end":{"line":295,"column":33}},{"start":{"line":295,"column":33},"end":{"line":295,"column":null}}],"line":295},"14":{"loc":{"start":{"line":315,"column":21},"end":{"line":318,"column":null}},"type":"binary-expr","locations":[{"start":{"line":315,"column":21},"end":{"line":315,"column":null}},{"start":{"line":316,"column":24},"end":{"line":318,"column":null}}],"line":315},"15":{"loc":{"start":{"line":333,"column":17},"end":{"line":340,"column":null}},"type":"binary-expr","locations":[{"start":{"line":333,"column":17},"end":{"line":333,"column":null}},{"start":{"line":334,"column":20},"end":{"line":340,"column":null}}],"line":333}},"s":{"0":1,"1":1,"2":1,"3":44},"f":{"0":44},"b":{"0":[44],"1":[44],"2":[44],"3":[44],"4":[44],"5":[44],"6":[44],"7":[44],"8":[44],"9":[44],"10":[44],"11":[44,0],"12":[0,44],"13":[44,0],"14":[44,44],"15":[44,0]},"meta":{"lastBranch":16,"lastFunction":1,"lastStatement":4,"seen":{"s:149:67:153:Infinity":0,"s:168:65:172:Infinity":1,"s:237:22:345:Infinity":2,"f:237:22:237:23":0,"b:242:15:242:Infinity":0,"b:244:14:244:Infinity":1,"b:245:17:245:Infinity":2,"b:246:20:246:Infinity":3,"b:247:23:247:Infinity":4,"b:248:12:248:Infinity":5,"b:249:21:249:Infinity":6,"b:250:18:250:Infinity":7,"b:251:21:251:Infinity":8,"b:252:16:252:Infinity":9,"b:253:22:253:Infinity":10,"s:255:4:343:Infinity":3,"b:279:21:279:Infinity:280:24:282:Infinity":11,"b:290:84:290:103:290:103:290:105":12,"b:295:25:295:33:295:33:295:Infinity":13,"b:315:21:315:Infinity:316:24:318:Infinity":14,"b:333:17:333:Infinity:334:20:340:Infinity":15},"fnNames":{}}}
,"C:\\CursosOnline\\frontend\\src\\components\\ui\\globalNotificationBell\\useNotifications.ts": {"path":"C:\\CursosOnline\\frontend\\src\\components\\ui\\globalNotificationBell\\useNotifications.ts","statementMap":{"0":{"start":{"line":16,"column":36},"end":{"line":16,"column":null}},"1":{"start":{"line":19,"column":32},"end":{"line":95,"column":null}},"2":{"start":{"line":20,"column":17},"end":{"line":20,"column":null}},"3":{"start":{"line":21,"column":28},"end":{"line":21,"column":null}},"4":{"start":{"line":22,"column":34},"end":{"line":22,"column":null}},"5":{"start":{"line":23,"column":30},"end":{"line":23,"column":null}},"6":{"start":{"line":24,"column":10},"end":{"line":24,"column":null}},"7":{"start":{"line":28,"column":19},"end":{"line":28,"column":null}},"8":{"start":{"line":29,"column":27},"end":{"line":29,"column":null}},"9":{"start":{"line":31,"column":10},"end":{"line":63,"column":null}},"10":{"start":{"line":33,"column":8},"end":{"line":38,"column":null}},"11":{"start":{"line":34,"column":12},"end":{"line":34,"column":null}},"12":{"start":{"line":35,"column":12},"end":{"line":35,"column":null}},"13":{"start":{"line":36,"column":12},"end":{"line":36,"column":null}},"14":{"start":{"line":37,"column":12},"end":{"line":37,"column":null}},"15":{"start":{"line":41,"column":8},"end":{"line":43,"column":null}},"16":{"start":{"line":42,"column":12},"end":{"line":42,"column":null}},"17":{"start":{"line":45,"column":8},"end":{"line":62,"column":null}},"18":{"start":{"line":46,"column":12},"end":{"line":46,"column":null}},"19":{"start":{"line":47,"column":12},"end":{"line":47,"column":null}},"20":{"start":{"line":48,"column":51},"end":{"line":51,"column":null}},"21":{"start":{"line":52,"column":12},"end":{"line":52,"column":null}},"22":{"start":{"line":53,"column":12},"end":{"line":53,"column":null}},"23":{"start":{"line":56,"column":12},"end":{"line":56,"column":null}},"24":{"start":{"line":57,"column":12},"end":{"line":57,"column":null}},"25":{"start":{"line":58,"column":12},"end":{"line":58,"column":null}},"26":{"start":{"line":60,"column":12},"end":{"line":60,"column":null}},"27":{"start":{"line":61,"column":12},"end":{"line":61,"column":null}},"28":{"start":{"line":66,"column":4},"end":{"line":77,"column":null}},"29":{"start":{"line":67,"column":30},"end":{"line":69,"column":null}},"30":{"start":{"line":68,"column":12},"end":{"line":68,"column":null}},"31":{"start":{"line":71,"column":8},"end":{"line":71,"column":null}},"32":{"start":{"line":72,"column":8},"end":{"line":72,"column":null}},"33":{"start":{"line":74,"column":8},"end":{"line":76,"column":null}},"34":{"start":{"line":75,"column":12},"end":{"line":75,"column":null}},"35":{"start":{"line":79,"column":10},"end":{"line":81,"column":null}},"36":{"start":{"line":80,"column":8},"end":{"line":80,"column":null}},"37":{"start":{"line":84,"column":22},"end":{"line":84,"column":null}},"38":{"start":{"line":84,"column":44},"end":{"line":84,"column":55}},"39":{"start":{"line":86,"column":4},"end":{"line":94,"column":null}}},"fnMap":{"0":{"name":"(anonymous_0)","decl":{"start":{"line":19,"column":32},"end":{"line":19,"column":38}},"loc":{"start":{"line":19,"column":38},"end":{"line":95,"column":null}},"line":19},"1":{"name":"(anonymous_1)","decl":{"start":{"line":31,"column":36},"end":{"line":31,"column":48}},"loc":{"start":{"line":31,"column":48},"end":{"line":63,"column":7}},"line":31},"2":{"name":"(anonymous_2)","decl":{"start":{"line":66,"column":14},"end":{"line":66,"column":20}},"loc":{"start":{"line":66,"column":20},"end":{"line":77,"column":7}},"line":66},"3":{"name":"(anonymous_3)","decl":{"start":{"line":67,"column":30},"end":{"line":67,"column":36}},"loc":{"start":{"line":67,"column":36},"end":{"line":69,"column":null}},"line":67},"4":{"name":"(anonymous_4)","decl":{"start":{"line":74,"column":15},"end":{"line":74,"column":21}},"loc":{"start":{"line":74,"column":21},"end":{"line":76,"column":null}},"line":74},"5":{"name":"(anonymous_5)","decl":{"start":{"line":79,"column":41},"end":{"line":79,"column":47}},"loc":{"start":{"line":79,"column":47},"end":{"line":81,"column":7}},"line":79},"6":{"name":"(anonymous_6)","decl":{"start":{"line":84,"column":37},"end":{"line":84,"column":44}},"loc":{"start":{"line":84,"column":44},"end":{"line":84,"column":55}},"line":84}},"branchMap":{"0":{"loc":{"start":{"line":28,"column":19},"end":{"line":28,"column":null}},"type":"binary-expr","locations":[{"start":{"line":28,"column":19},"end":{"line":28,"column":35}},{"start":{"line":28,"column":35},"end":{"line":28,"column":null}}],"line":28},"1":{"loc":{"start":{"line":29,"column":27},"end":{"line":29,"column":null}},"type":"cond-expr","locations":[{"start":{"line":29,"column":60},"end":{"line":29,"column":86}},{"start":{"line":29,"column":86},"end":{"line":29,"column":null}}],"line":29},"2":{"loc":{"start":{"line":33,"column":8},"end":{"line":38,"column":null}},"type":"if","locations":[{"start":{"line":33,"column":8},"end":{"line":38,"column":null}},{"start":{},"end":{}}],"line":33},"3":{"loc":{"start":{"line":33,"column":12},"end":{"line":33,"column":40}},"type":"binary-expr","locations":[{"start":{"line":33,"column":12},"end":{"line":33,"column":23}},{"start":{"line":33,"column":23},"end":{"line":33,"column":40}}],"line":33},"4":{"loc":{"start":{"line":41,"column":8},"end":{"line":43,"column":null}},"type":"if","locations":[{"start":{"line":41,"column":8},"end":{"line":43,"column":null}},{"start":{},"end":{}}],"line":41},"5":{"loc":{"start":{"line":52,"column":22},"end":{"line":52,"column":47}},"type":"binary-expr","locations":[{"start":{"line":52,"column":22},"end":{"line":52,"column":45}},{"start":{"line":52,"column":45},"end":{"line":52,"column":47}}],"line":52},"6":{"loc":{"start":{"line":53,"column":25},"end":{"line":53,"column":43}},"type":"binary-expr","locations":[{"start":{"line":53,"column":25},"end":{"line":53,"column":41}},{"start":{"line":53,"column":41},"end":{"line":53,"column":43}}],"line":53}},"s":{"0":1,"1":1,"2":73,"3":73,"4":73,"5":73,"6":73,"7":73,"8":73,"9":73,"10":18,"11":18,"12":18,"13":18,"14":18,"15":0,"16":0,"17":0,"18":0,"19":0,"20":0,"21":0,"22":18,"23":0,"24":0,"25":0,"26":0,"27":0,"28":73,"29":18,"30":0,"31":18,"32":18,"33":18,"34":18,"35":73,"36":0,"37":73,"38":0,"39":73},"f":{"0":73,"1":18,"2":18,"3":0,"4":18,"5":0,"6":0},"b":{"0":[73,73],"1":[0,73],"2":[18,0],"3":[18,0],"4":[0,0],"5":[0,0],"6":[18,0]},"meta":{"lastBranch":7,"lastFunction":7,"lastStatement":40,"seen":{"s:16:36:16:Infinity":0,"s:19:32:95:Infinity":1,"f:19:32:19:38":0,"s:20:17:20:Infinity":2,"s:21:28:21:Infinity":3,"s:22:34:22:Infinity":4,"s:23:30:23:Infinity":5,"s:24:10:24:Infinity":6,"s:28:19:28:Infinity":7,"b:28:19:28:35:28:35:28:Infinity":0,"s:29:27:29:Infinity":8,"b:29:60:29:86:29:86:29:Infinity":1,"s:31:10:63:Infinity":9,"f:31:36:31:48":1,"b:33:8:38:Infinity:undefined:undefined:undefined:undefined":2,"s:33:8:38:Infinity":10,"b:33:12:33:23:33:23:33:40":3,"s:34:12:34:Infinity":11,"s:35:12:35:Infinity":12,"s:36:12:36:Infinity":13,"s:37:12:37:Infinity":14,"b:41:8:43:Infinity:undefined:undefined:undefined:undefined":4,"s:41:8:43:Infinity":15,"s:42:12:42:Infinity":16,"s:45:8:62:Infinity":17,"s:46:12:46:Infinity":18,"s:47:12:47:Infinity":19,"s:48:51:51:Infinity":20,"s:52:12:52:Infinity":21,"b:52:22:52:45:52:45:52:47":5,"s:53:12:53:Infinity":22,"b:53:25:53:41:53:41:53:43":6,"s:56:12:56:Infinity":23,"s:57:12:57:Infinity":24,"s:58:12:58:Infinity":25,"s:60:12:60:Infinity":26,"s:61:12:61:Infinity":27,"s:66:4:77:Infinity":28,"f:66:14:66:20":2,"s:67:30:69:Infinity":29,"f:67:30:67:36":3,"s:68:12:68:Infinity":30,"s:71:8:71:Infinity":31,"s:72:8:72:Infinity":32,"s:74:8:76:Infinity":33,"f:74:15:74:21":4,"s:75:12:75:Infinity":34,"s:79:10:81:Infinity":35,"f:79:41:79:47":5,"s:80:8:80:Infinity":36,"s:84:22:84:Infinity":37,"f:84:37:84:44":6,"s:84:44:84:55":38,"s:86:4:94:Infinity":39},"fnNames":{}}}
,"C:\\CursosOnline\\frontend\\src\\routes\\pages\\professor\\ProfessorDashboard.tsx": {"path":"C:\\CursosOnline\\frontend\\src\\routes\\pages\\professor\\ProfessorDashboard.tsx","statementMap":{"0":{"start":{"line":27,"column":43},"end":{"line":30,"column":null}},"1":{"start":{"line":32,"column":26},"end":{"line":48,"column":null}},"2":{"start":{"line":33,"column":10},"end":{"line":33,"column":null}},"3":{"start":{"line":34,"column":10},"end":{"line":34,"column":null}},"4":{"start":{"line":35,"column":10},"end":{"line":35,"column":null}},"5":{"start":{"line":38,"column":4},"end":{"line":41,"column":null}},"6":{"start":{"line":39,"column":8},"end":{"line":39,"column":null}},"7":{"start":{"line":39,"column":36},"end":{"line":39,"column":null}},"8":{"start":{"line":40,"column":8},"end":{"line":40,"column":null}},"9":{"start":{"line":40,"column":35},"end":{"line":40,"column":null}},"10":{"start":{"line":43,"column":4},"end":{"line":43,"column":null}},"11":{"start":{"line":43,"column":29},"end":{"line":43,"column":null}},"12":{"start":{"line":44,"column":4},"end":{"line":44,"column":null}},"13":{"start":{"line":44,"column":32},"end":{"line":44,"column":null}},"14":{"start":{"line":45,"column":4},"end":{"line":45,"column":null}},"15":{"start":{"line":45,"column":31},"end":{"line":45,"column":null}},"16":{"start":{"line":47,"column":4},"end":{"line":47,"column":null}},"17":{"start":{"line":50,"column":27},"end":{"line":277,"column":null}},"18":{"start":{"line":51,"column":17},"end":{"line":51,"column":null}},"19":{"start":{"line":53,"column":29},"end":{"line":61,"column":null}},"20":{"start":{"line":59,"column":44},"end":{"line":59,"column":69}},"21":{"start":{"line":60,"column":24},"end":{"line":60,"column":36}},"22":{"start":{"line":61,"column":27},"end":{"line":61,"column":43}},"23":{"start":{"line":64,"column":48},"end":{"line":64,"column":null}},"24":{"start":{"line":67,"column":34},"end":{"line":67,"column":null}},"25":{"start":{"line":69,"column":4},"end":{"line":109,"column":null}},"26":{"start":{"line":70,"column":24},"end":{"line":70,"column":null}},"27":{"start":{"line":72,"column":39},"end":{"line":102,"column":null}},"28":{"start":{"line":73,"column":12},"end":{"line":101,"column":null}},"29":{"start":{"line":74,"column":40},"end":{"line":74,"column":null}},"30":{"start":{"line":76,"column":42},"end":{"line":95,"column":null}},"31":{"start":{"line":78,"column":44},"end":{"line":78,"column":null}},"32":{"start":{"line":80,"column":24},"end":{"line":85,"column":null}},"33":{"start":{"line":81,"column":49},"end":{"line":81,"column":null}},"34":{"start":{"line":82,"column":28},"end":{"line":82,"column":null}},"35":{"start":{"line":84,"column":28},"end":{"line":84,"column":null}},"36":{"start":{"line":87,"column":24},"end":{"line":93,"column":null}},"37":{"start":{"line":97,"column":16},"end":{"line":97,"column":null}},"38":{"start":{"line":97,"column":31},"end":{"line":97,"column":null}},"39":{"start":{"line":98,"column":16},"end":{"line":98,"column":null}},"40":{"start":{"line":100,"column":16},"end":{"line":100,"column":null}},"41":{"start":{"line":104,"column":8},"end":{"line":104,"column":null}},"42":{"start":{"line":106,"column":8},"end":{"line":108,"column":null}},"43":{"start":{"line":107,"column":12},"end":{"line":107,"column":null}},"44":{"start":{"line":112,"column":10},"end":{"line":127,"column":null}},"45":{"start":{"line":113,"column":8},"end":{"line":125,"column":null}},"46":{"start":{"line":114,"column":26},"end":{"line":114,"column":null}},"47":{"start":{"line":116,"column":32},"end":{"line":122,"column":null}},"48":{"start":{"line":117,"column":16},"end":{"line":117,"column":null}},"49":{"start":{"line":117,"column":44},"end":{"line":117,"column":null}},"50":{"start":{"line":118,"column":16},"end":{"line":118,"column":null}},"51":{"start":{"line":118,"column":56},"end":{"line":118,"column":null}},"52":{"start":{"line":120,"column":16},"end":{"line":120,"column":null}},"53":{"start":{"line":121,"column":16},"end":{"line":121,"column":null}},"54":{"start":{"line":124,"column":12},"end":{"line":124,"column":null}},"55":{"start":{"line":134,"column":10},"end":{"line":157,"column":null}},"56":{"start":{"line":135,"column":28},"end":{"line":135,"column":null}},"57":{"start":{"line":137,"column":8},"end":{"line":142,"column":null}},"58":{"start":{"line":138,"column":33},"end":{"line":138,"column":null}},"59":{"start":{"line":139,"column":12},"end":{"line":139,"column":null}},"60":{"start":{"line":141,"column":12},"end":{"line":141,"column":null}},"61":{"start":{"line":144,"column":44},"end":{"line":150,"column":null}},"62":{"start":{"line":152,"column":8},"end":{"line":156,"column":null}},"63":{"start":{"line":154,"column":12},"end":{"line":154,"column":null}},"64":{"start":{"line":154,"column":38},"end":{"line":154,"column":63}},"65":{"start":{"line":154,"column":66},"end":{"line":154,"column":null}},"66":{"start":{"line":155,"column":12},"end":{"line":155,"column":null}},"67":{"start":{"line":160,"column":20},"end":{"line":160,"column":null}},"68":{"start":{"line":162,"column":4},"end":{"line":275,"column":null}},"69":{"start":{"line":185,"column":72},"end":{"line":185,"column":81}},"70":{"start":{"line":206,"column":56},"end":{"line":206,"column":null}},"71":{"start":{"line":222,"column":32},"end":{"line":244,"column":null}},"72":{"start":{"line":272,"column":31},"end":{"line":272,"column":null}}},"fnMap":{"0":{"name":"(anonymous_0)","decl":{"start":{"line":32,"column":26},"end":{"line":32,"column":27}},"loc":{"start":{"line":32,"column":61},"end":{"line":48,"column":null}},"line":32},"1":{"name":"(anonymous_1)","decl":{"start":{"line":50,"column":27},"end":{"line":50,"column":33}},"loc":{"start":{"line":50,"column":33},"end":{"line":277,"column":null}},"line":50},"2":{"name":"(anonymous_2)","decl":{"start":{"line":59,"column":16},"end":{"line":59,"column":17}},"loc":{"start":{"line":59,"column":44},"end":{"line":59,"column":69}},"line":59},"3":{"name":"(anonymous_3)","decl":{"start":{"line":60,"column":13},"end":{"line":60,"column":14}},"loc":{"start":{"line":60,"column":24},"end":{"line":60,"column":36}},"line":60},"4":{"name":"(anonymous_4)","decl":{"start":{"line":61,"column":16},"end":{"line":61,"column":17}},"loc":{"start":{"line":61,"column":27},"end":{"line":61,"column":43}},"line":61},"5":{"name":"(anonymous_5)","decl":{"start":{"line":69,"column":14},"end":{"line":69,"column":20}},"loc":{"start":{"line":69,"column":20},"end":{"line":109,"column":7}},"line":69},"6":{"name":"(anonymous_6)","decl":{"start":{"line":72,"column":39},"end":{"line":72,"column":51}},"loc":{"start":{"line":72,"column":51},"end":{"line":102,"column":null}},"line":72},"7":{"name":"(anonymous_7)","decl":{"start":{"line":77,"column":40},"end":{"line":77,"column":47}},"loc":{"start":{"line":77,"column":58},"end":{"line":94,"column":21}},"line":77},"8":{"name":"(anonymous_8)","decl":{"start":{"line":106,"column":15},"end":{"line":106,"column":21}},"loc":{"start":{"line":106,"column":21},"end":{"line":108,"column":null}},"line":106},"9":{"name":"(anonymous_9)","decl":{"start":{"line":112,"column":40},"end":{"line":112,"column":41}},"loc":{"start":{"line":112,"column":81},"end":{"line":127,"column":7}},"line":112},"10":{"name":"(anonymous_10)","decl":{"start":{"line":113,"column":21},"end":{"line":113,"column":36}},"loc":{"start":{"line":113,"column":36},"end":{"line":125,"column":9}},"line":113},"11":{"name":"(anonymous_11)","decl":{"start":{"line":116,"column":48},"end":{"line":116,"column":58}},"loc":{"start":{"line":116,"column":58},"end":{"line":122,"column":13}},"line":116},"12":{"name":"(anonymous_12)","decl":{"start":{"line":134,"column":53},"end":{"line":134,"column":60}},"loc":{"start":{"line":134,"column":89},"end":{"line":157,"column":7}},"line":134},"13":{"name":"(anonymous_13)","decl":{"start":{"line":152,"column":21},"end":{"line":152,"column":36}},"loc":{"start":{"line":152,"column":36},"end":{"line":156,"column":9}},"line":152},"14":{"name":"(anonymous_14)","decl":{"start":{"line":154,"column":33},"end":{"line":154,"column":38}},"loc":{"start":{"line":154,"column":38},"end":{"line":154,"column":63}},"line":154},"15":{"name":"(anonymous_15)","decl":{"start":{"line":185,"column":60},"end":{"line":185,"column":61}},"loc":{"start":{"line":185,"column":72},"end":{"line":185,"column":81}},"line":185},"16":{"name":"(anonymous_16)","decl":{"start":{"line":206,"column":40},"end":{"line":206,"column":41}},"loc":{"start":{"line":206,"column":56},"end":{"line":206,"column":null}},"line":206},"17":{"name":"(anonymous_17)","decl":{"start":{"line":221,"column":41},"end":{"line":221,"column":42}},"loc":{"start":{"line":222,"column":32},"end":{"line":244,"column":null}},"line":222},"18":{"name":"(anonymous_18)","decl":{"start":{"line":272,"column":25},"end":{"line":272,"column":31}},"loc":{"start":{"line":272,"column":31},"end":{"line":272,"column":null}},"line":272}},"branchMap":{"0":{"loc":{"start":{"line":33,"column":22},"end":{"line":33,"column":45}},"type":"binary-expr","locations":[{"start":{"line":33,"column":22},"end":{"line":33,"column":41}},{"start":{"line":33,"column":41},"end":{"line":33,"column":45}}],"line":33},"1":{"loc":{"start":{"line":34,"column":25},"end":{"line":34,"column":51}},"type":"binary-expr","locations":[{"start":{"line":34,"column":25},"end":{"line":34,"column":47}},{"start":{"line":34,"column":47},"end":{"line":34,"column":51}}],"line":34},"2":{"loc":{"start":{"line":35,"column":24},"end":{"line":35,"column":49}},"type":"binary-expr","locations":[{"start":{"line":35,"column":24},"end":{"line":35,"column":45}},{"start":{"line":35,"column":45},"end":{"line":35,"column":49}}],"line":35},"3":{"loc":{"start":{"line":38,"column":4},"end":{"line":41,"column":null}},"type":"if","locations":[{"start":{"line":38,"column":4},"end":{"line":41,"column":null}},{"start":{},"end":{}}],"line":38},"4":{"loc":{"start":{"line":39,"column":8},"end":{"line":39,"column":null}},"type":"if","locations":[{"start":{"line":39,"column":8},"end":{"line":39,"column":null}},{"start":{},"end":{}}],"line":39},"5":{"loc":{"start":{"line":40,"column":8},"end":{"line":40,"column":null}},"type":"if","locations":[{"start":{"line":40,"column":8},"end":{"line":40,"column":null}},{"start":{},"end":{}}],"line":40},"6":{"loc":{"start":{"line":43,"column":4},"end":{"line":43,"column":null}},"type":"if","locations":[{"start":{"line":43,"column":4},"end":{"line":43,"column":null}},{"start":{},"end":{}}],"line":43},"7":{"loc":{"start":{"line":44,"column":4},"end":{"line":44,"column":null}},"type":"if","locations":[{"start":{"line":44,"column":4},"end":{"line":44,"column":null}},{"start":{},"end":{}}],"line":44},"8":{"loc":{"start":{"line":45,"column":4},"end":{"line":45,"column":null}},"type":"if","locations":[{"start":{"line":45,"column":4},"end":{"line":45,"column":null}},{"start":{},"end":{}}],"line":45},"9":{"loc":{"start":{"line":57,"column":12},"end":{"line":57,"column":null}},"type":"cond-expr","locations":[{"start":{"line":57,"column":29},"end":{"line":57,"column":64}},{"start":{"line":57,"column":64},"end":{"line":57,"column":null}}],"line":57},"10":{"loc":{"start":{"line":97,"column":16},"end":{"line":97,"column":null}},"type":"if","locations":[{"start":{"line":97,"column":16},"end":{"line":97,"column":null}},{"start":{},"end":{}}],"line":97},"11":{"loc":{"start":{"line":117,"column":16},"end":{"line":117,"column":null}},"type":"if","locations":[{"start":{"line":117,"column":16},"end":{"line":117,"column":null}},{"start":{},"end":{}}],"line":117},"12":{"loc":{"start":{"line":118,"column":16},"end":{"line":118,"column":null}},"type":"if","locations":[{"start":{"line":118,"column":16},"end":{"line":118,"column":null}},{"start":{},"end":{}}],"line":118},"13":{"loc":{"start":{"line":124,"column":19},"end":{"line":124,"column":null}},"type":"cond-expr","locations":[{"start":{"line":124,"column":29},"end":{"line":124,"column":43}},{"start":{"line":124,"column":43},"end":{"line":124,"column":null}}],"line":124},"14":{"loc":{"start":{"line":154,"column":12},"end":{"line":154,"column":null}},"type":"if","locations":[{"start":{"line":154,"column":12},"end":{"line":154,"column":null}},{"start":{},"end":{}}],"line":154},"15":{"loc":{"start":{"line":225,"column":130},"end":{"line":225,"column":null}},"type":"cond-expr","locations":[{"start":{"line":225,"column":160},"end":{"line":225,"column":191}},{"start":{"line":225,"column":191},"end":{"line":225,"column":null}}],"line":225},"16":{"loc":{"start":{"line":227,"column":49},"end":{"line":227,"column":null}},"type":"cond-expr","locations":[{"start":{"line":227,"column":79},"end":{"line":227,"column":95}},{"start":{"line":227,"column":95},"end":{"line":227,"column":null}}],"line":227}},"s":{"0":1,"1":1,"2":17,"3":17,"4":17,"5":17,"6":2,"7":1,"8":1,"9":1,"10":15,"11":12,"12":3,"13":1,"14":2,"15":1,"16":1,"17":1,"18":45,"19":45,"20":178,"21":172,"22":172,"23":45,"24":45,"25":45,"26":18,"27":18,"28":18,"29":18,"30":17,"31":12,"32":12,"33":12,"34":11,"35":1,"36":12,"37":17,"38":1,"39":16,"40":1,"41":18,"42":18,"43":18,"44":45,"45":3,"46":3,"47":3,"48":3,"49":1,"50":2,"51":1,"52":1,"53":1,"54":3,"55":45,"56":5,"57":5,"58":5,"59":4,"60":1,"61":5,"62":5,"63":5,"64":1,"65":1,"66":4,"67":45,"68":45,"69":23,"70":5,"71":90,"72":1},"f":{"0":17,"1":45,"2":178,"3":172,"4":172,"5":18,"6":18,"7":12,"8":18,"9":3,"10":3,"11":3,"12":5,"13":5,"14":1,"15":23,"16":5,"17":90,"18":1},"b":{"0":[17,0],"1":[17,12],"2":[17,13],"3":[2,15],"4":[1,1],"5":[1,0],"6":[12,3],"7":[1,2],"8":[1,1],"9":[43,2],"10":[1,16],"11":[1,2],"12":[1,1],"13":[1,2],"14":[1,4],"15":[45,45],"16":[45,45]},"meta":{"lastBranch":17,"lastFunction":19,"lastStatement":73,"seen":{"s:27:43:30:Infinity":0,"s:32:26:48:Infinity":1,"f:32:26:32:27":0,"s:33:10:33:Infinity":2,"b:33:22:33:41:33:41:33:45":0,"s:34:10:34:Infinity":3,"b:34:25:34:47:34:47:34:51":1,"s:35:10:35:Infinity":4,"b:35:24:35:45:35:45:35:49":2,"b:38:4:41:Infinity:undefined:undefined:undefined:undefined":3,"s:38:4:41:Infinity":5,"b:39:8:39:Infinity:undefined:undefined:undefined:undefined":4,"s:39:8:39:Infinity":6,"s:39:36:39:Infinity":7,"b:40:8:40:Infinity:undefined:undefined:undefined:undefined":5,"s:40:8:40:Infinity":8,"s:40:35:40:Infinity":9,"b:43:4:43:Infinity:undefined:undefined:undefined:undefined":6,"s:43:4:43:Infinity":10,"s:43:29:43:Infinity":11,"b:44:4:44:Infinity:undefined:undefined:undefined:undefined":7,"s:44:4:44:Infinity":12,"s:44:32:44:Infinity":13,"b:45:4:45:Infinity:undefined:undefined:undefined:undefined":8,"s:45:4:45:Infinity":14,"s:45:31:45:Infinity":15,"s:47:4:47:Infinity":16,"s:50:27:277:Infinity":17,"f:50:27:50:33":1,"s:51:17:51:Infinity":18,"s:53:29:61:Infinity":19,"b:57:29:57:64:57:64:57:Infinity":9,"f:59:16:59:17":2,"s:59:44:59:69":20,"f:60:13:60:14":3,"s:60:24:60:36":21,"f:61:16:61:17":4,"s:61:27:61:43":22,"s:64:48:64:Infinity":23,"s:67:34:67:Infinity":24,"s:69:4:109:Infinity":25,"f:69:14:69:20":5,"s:70:24:70:Infinity":26,"s:72:39:102:Infinity":27,"f:72:39:72:51":6,"s:73:12:101:Infinity":28,"s:74:40:74:Infinity":29,"s:76:42:95:Infinity":30,"f:77:40:77:47":7,"s:78:44:78:Infinity":31,"s:80:24:85:Infinity":32,"s:81:49:81:Infinity":33,"s:82:28:82:Infinity":34,"s:84:28:84:Infinity":35,"s:87:24:93:Infinity":36,"b:97:16:97:Infinity:undefined:undefined:undefined:undefined":10,"s:97:16:97:Infinity":37,"s:97:31:97:Infinity":38,"s:98:16:98:Infinity":39,"s:100:16:100:Infinity":40,"s:104:8:104:Infinity":41,"s:106:8:108:Infinity":42,"f:106:15:106:21":8,"s:107:12:107:Infinity":43,"s:112:10:127:Infinity":44,"f:112:40:112:41":9,"s:113:8:125:Infinity":45,"f:113:21:113:36":10,"s:114:26:114:Infinity":46,"s:116:32:122:Infinity":47,"f:116:48:116:58":11,"b:117:16:117:Infinity:undefined:undefined:undefined:undefined":11,"s:117:16:117:Infinity":48,"s:117:44:117:Infinity":49,"b:118:16:118:Infinity:undefined:undefined:undefined:undefined":12,"s:118:16:118:Infinity":50,"s:118:56:118:Infinity":51,"s:120:16:120:Infinity":52,"s:121:16:121:Infinity":53,"s:124:12:124:Infinity":54,"b:124:29:124:43:124:43:124:Infinity":13,"s:134:10:157:Infinity":55,"f:134:53:134:60":12,"s:135:28:135:Infinity":56,"s:137:8:142:Infinity":57,"s:138:33:138:Infinity":58,"s:139:12:139:Infinity":59,"s:141:12:141:Infinity":60,"s:144:44:150:Infinity":61,"s:152:8:156:Infinity":62,"f:152:21:152:36":13,"b:154:12:154:Infinity:undefined:undefined:undefined:undefined":14,"s:154:12:154:Infinity":63,"f:154:33:154:38":14,"s:154:38:154:63":64,"s:154:66:154:Infinity":65,"s:155:12:155:Infinity":66,"s:160:20:160:Infinity":67,"s:162:4:275:Infinity":68,"f:185:60:185:61":15,"s:185:72:185:81":69,"f:206:40:206:41":16,"s:206:56:206:Infinity":70,"f:221:41:221:42":17,"s:222:32:244:Infinity":71,"b:225:160:225:191:225:191:225:Infinity":15,"b:227:79:227:95:227:95:227:Infinity":16,"f:272:25:272:31":18,"s:272:31:272:Infinity":72},"fnNames":{}}}
,"C:\\CursosOnline\\frontend\\src\\routes\\pages\\professor\\ProfessorProfilePage.tsx": {"path":"C:\\CursosOnline\\frontend\\src\\routes\\pages\\professor\\ProfessorProfilePage.tsx","statementMap":{"0":{"start":{"line":5,"column":4},"end":{"line":8,"column":null}}},"fnMap":{"0":{"name":"ProfessorProfilePage","decl":{"start":{"line":4,"column":24},"end":{"line":4,"column":47}},"loc":{"start":{"line":4,"column":47},"end":{"line":10,"column":null}},"line":4}},"branchMap":{},"s":{"0":1},"f":{"0":1},"b":{},"meta":{"lastBranch":0,"lastFunction":1,"lastStatement":1,"seen":{"f:4:24:4:47":0,"s:5:4:8:Infinity":0},"fnNames":{}}}
,"C:\\CursosOnline\\frontend\\src\\routes\\pages\\professor\\components\\CourseManagementModal.tsx": {"path":"C:\\CursosOnline\\frontend\\src\\routes\\pages\\professor\\components\\CourseManagementModal.tsx","statementMap":{"0":{"start":{"line":30,"column":22},"end":{"line":34,"column":null}},"1":{"start":{"line":31,"column":4},"end":{"line":31,"column":null}},"2":{"start":{"line":31,"column":57},"end":{"line":31,"column":null}},"3":{"start":{"line":32,"column":22},"end":{"line":32,"column":null}},"4":{"start":{"line":33,"column":4},"end":{"line":33,"column":null}},"5":{"start":{"line":36,"column":23},"end":{"line":41,"column":null}},"6":{"start":{"line":37,"column":4},"end":{"line":37,"column":null}},"7":{"start":{"line":37,"column":57},"end":{"line":37,"column":null}},"8":{"start":{"line":38,"column":22},"end":{"line":38,"column":null}},"9":{"start":{"line":39,"column":10},"end":{"line":39,"column":null}},"10":{"start":{"line":40,"column":4},"end":{"line":40,"column":null}},"11":{"start":{"line":43,"column":23},"end":{"line":48,"column":null}},"12":{"start":{"line":44,"column":4},"end":{"line":44,"column":null}},"13":{"start":{"line":44,"column":57},"end":{"line":44,"column":null}},"14":{"start":{"line":45,"column":22},"end":{"line":45,"column":null}},"15":{"start":{"line":46,"column":18},"end":{"line":46,"column":null}},"16":{"start":{"line":47,"column":4},"end":{"line":47,"column":null}},"17":{"start":{"line":50,"column":26},"end":{"line":60,"column":null}},"18":{"start":{"line":51,"column":4},"end":{"line":51,"column":null}},"19":{"start":{"line":51,"column":57},"end":{"line":51,"column":null}},"20":{"start":{"line":52,"column":22},"end":{"line":52,"column":null}},"21":{"start":{"line":53,"column":4},"end":{"line":55,"column":null}},"22":{"start":{"line":54,"column":8},"end":{"line":54,"column":null}},"23":{"start":{"line":56,"column":4},"end":{"line":58,"column":null}},"24":{"start":{"line":57,"column":8},"end":{"line":57,"column":null}},"25":{"start":{"line":59,"column":4},"end":{"line":59,"column":null}},"26":{"start":{"line":62,"column":21},"end":{"line":66,"column":null}},"27":{"start":{"line":63,"column":4},"end":{"line":63,"column":null}},"28":{"start":{"line":63,"column":47},"end":{"line":63,"column":null}},"29":{"start":{"line":64,"column":4},"end":{"line":64,"column":null}},"30":{"start":{"line":64,"column":44},"end":{"line":64,"column":null}},"31":{"start":{"line":65,"column":4},"end":{"line":65,"column":null}},"32":{"start":{"line":68,"column":37},"end":{"line":242,"column":null}},"33":{"start":{"line":74,"column":10},"end":{"line":74,"column":null}},"34":{"start":{"line":76,"column":4},"end":{"line":78,"column":null}},"35":{"start":{"line":77,"column":8},"end":{"line":77,"column":null}},"36":{"start":{"line":80,"column":29},"end":{"line":80,"column":null}},"37":{"start":{"line":82,"column":4},"end":{"line":92,"column":null}},"38":{"start":{"line":83,"column":8},"end":{"line":90,"column":null}},"39":{"start":{"line":94,"column":21},"end":{"line":94,"column":null}},"40":{"start":{"line":95,"column":20},"end":{"line":95,"column":null}},"41":{"start":{"line":97,"column":4},"end":{"line":240,"column":null}},"42":{"start":{"line":117,"column":39},"end":{"line":117,"column":null}},"43":{"start":{"line":124,"column":39},"end":{"line":124,"column":null}},"44":{"start":{"line":131,"column":39},"end":{"line":131,"column":null}},"45":{"start":{"line":151,"column":40},"end":{"line":158,"column":null}}},"fnMap":{"0":{"name":"(anonymous_0)","decl":{"start":{"line":30,"column":22},"end":{"line":30,"column":23}},"loc":{"start":{"line":30,"column":52},"end":{"line":34,"column":null}},"line":30},"1":{"name":"(anonymous_1)","decl":{"start":{"line":36,"column":23},"end":{"line":36,"column":24}},"loc":{"start":{"line":36,"column":53},"end":{"line":41,"column":null}},"line":36},"2":{"name":"(anonymous_2)","decl":{"start":{"line":43,"column":23},"end":{"line":43,"column":24}},"loc":{"start":{"line":43,"column":53},"end":{"line":48,"column":null}},"line":43},"3":{"name":"(anonymous_3)","decl":{"start":{"line":50,"column":26},"end":{"line":50,"column":27}},"loc":{"start":{"line":50,"column":56},"end":{"line":60,"column":null}},"line":50},"4":{"name":"(anonymous_4)","decl":{"start":{"line":62,"column":21},"end":{"line":62,"column":22}},"loc":{"start":{"line":62,"column":86},"end":{"line":66,"column":null}},"line":62},"5":{"name":"(anonymous_5)","decl":{"start":{"line":68,"column":37},"end":{"line":68,"column":38}},"loc":{"start":{"line":73,"column":34},"end":{"line":242,"column":null}},"line":73},"6":{"name":"(anonymous_6)","decl":{"start":{"line":117,"column":33},"end":{"line":117,"column":39}},"loc":{"start":{"line":117,"column":39},"end":{"line":117,"column":null}},"line":117},"7":{"name":"(anonymous_7)","decl":{"start":{"line":124,"column":33},"end":{"line":124,"column":39}},"loc":{"start":{"line":124,"column":39},"end":{"line":124,"column":null}},"line":124},"8":{"name":"(anonymous_8)","decl":{"start":{"line":131,"column":33},"end":{"line":131,"column":39}},"loc":{"start":{"line":131,"column":39},"end":{"line":131,"column":null}},"line":131},"9":{"name":"(anonymous_9)","decl":{"start":{"line":150,"column":49},"end":{"line":150,"column":50}},"loc":{"start":{"line":151,"column":40},"end":{"line":158,"column":null}},"line":151}},"branchMap":{"0":{"loc":{"start":{"line":31,"column":4},"end":{"line":31,"column":null}},"type":"if","locations":[{"start":{"line":31,"column":4},"end":{"line":31,"column":null}},{"start":{},"end":{}}],"line":31},"1":{"loc":{"start":{"line":31,"column":8},"end":{"line":31,"column":57}},"type":"binary-expr","locations":[{"start":{"line":31,"column":8},"end":{"line":31,"column":39}},{"start":{"line":31,"column":39},"end":{"line":31,"column":57}}],"line":31},"2":{"loc":{"start":{"line":33,"column":12},"end":{"line":33,"column":81}},"type":"binary-expr","locations":[{"start":{"line":33,"column":12},"end":{"line":33,"column":34}},{"start":{"line":33,"column":34},"end":{"line":33,"column":56}},{"start":{"line":33,"column":56},"end":{"line":33,"column":81}}],"line":33},"3":{"loc":{"start":{"line":37,"column":4},"end":{"line":37,"column":null}},"type":"if","locations":[{"start":{"line":37,"column":4},"end":{"line":37,"column":null}},{"start":{},"end":{}}],"line":37},"4":{"loc":{"start":{"line":37,"column":8},"end":{"line":37,"column":57}},"type":"binary-expr","locations":[{"start":{"line":37,"column":8},"end":{"line":37,"column":39}},{"start":{"line":37,"column":39},"end":{"line":37,"column":57}}],"line":37},"5":{"loc":{"start":{"line":39,"column":22},"end":{"line":39,"column":45}},"type":"binary-expr","locations":[{"start":{"line":39,"column":22},"end":{"line":39,"column":41}},{"start":{"line":39,"column":41},"end":{"line":39,"column":45}}],"line":39},"6":{"loc":{"start":{"line":40,"column":11},"end":{"line":40,"column":null}},"type":"cond-expr","locations":[{"start":{"line":40,"column":33},"end":{"line":40,"column":50}},{"start":{"line":40,"column":50},"end":{"line":40,"column":null}}],"line":40},"7":{"loc":{"start":{"line":44,"column":4},"end":{"line":44,"column":null}},"type":"if","locations":[{"start":{"line":44,"column":4},"end":{"line":44,"column":null}},{"start":{},"end":{}}],"line":44},"8":{"loc":{"start":{"line":44,"column":8},"end":{"line":44,"column":57}},"type":"binary-expr","locations":[{"start":{"line":44,"column":8},"end":{"line":44,"column":39}},{"start":{"line":44,"column":39},"end":{"line":44,"column":57}}],"line":44},"9":{"loc":{"start":{"line":46,"column":18},"end":{"line":46,"column":null}},"type":"binary-expr","locations":[{"start":{"line":46,"column":18},"end":{"line":46,"column":44}},{"start":{"line":46,"column":44},"end":{"line":46,"column":73}},{"start":{"line":46,"column":73},"end":{"line":46,"column":null}}],"line":46},"10":{"loc":{"start":{"line":51,"column":4},"end":{"line":51,"column":null}},"type":"if","locations":[{"start":{"line":51,"column":4},"end":{"line":51,"column":null}},{"start":{},"end":{}}],"line":51},"11":{"loc":{"start":{"line":51,"column":8},"end":{"line":51,"column":57}},"type":"binary-expr","locations":[{"start":{"line":51,"column":8},"end":{"line":51,"column":39}},{"start":{"line":51,"column":39},"end":{"line":51,"column":57}}],"line":51},"12":{"loc":{"start":{"line":53,"column":4},"end":{"line":55,"column":null}},"type":"if","locations":[{"start":{"line":53,"column":4},"end":{"line":55,"column":null}},{"start":{},"end":{}}],"line":53},"13":{"loc":{"start":{"line":56,"column":4},"end":{"line":58,"column":null}},"type":"if","locations":[{"start":{"line":56,"column":4},"end":{"line":58,"column":null}},{"start":{},"end":{}}],"line":56},"14":{"loc":{"start":{"line":63,"column":4},"end":{"line":63,"column":null}},"type":"if","locations":[{"start":{"line":63,"column":4},"end":{"line":63,"column":null}},{"start":{},"end":{}}],"line":63},"15":{"loc":{"start":{"line":64,"column":4},"end":{"line":64,"column":null}},"type":"if","locations":[{"start":{"line":64,"column":4},"end":{"line":64,"column":null}},{"start":{},"end":{}}],"line":64},"16":{"loc":{"start":{"line":76,"column":4},"end":{"line":78,"column":null}},"type":"if","locations":[{"start":{"line":76,"column":4},"end":{"line":78,"column":null}},{"start":{},"end":{}}],"line":76},"17":{"loc":{"start":{"line":76,"column":8},"end":{"line":76,"column":38}},"type":"binary-expr","locations":[{"start":{"line":76,"column":8},"end":{"line":76,"column":19}},{"start":{"line":76,"column":19},"end":{"line":76,"column":38}}],"line":76},"18":{"loc":{"start":{"line":80,"column":29},"end":{"line":80,"column":null}},"type":"binary-expr","locations":[{"start":{"line":80,"column":29},"end":{"line":80,"column":56}},{"start":{"line":80,"column":56},"end":{"line":80,"column":84}},{"start":{"line":80,"column":84},"end":{"line":80,"column":null}}],"line":80},"19":{"loc":{"start":{"line":82,"column":4},"end":{"line":92,"column":null}},"type":"if","locations":[{"start":{"line":82,"column":4},"end":{"line":92,"column":null}},{"start":{},"end":{}}],"line":82},"20":{"loc":{"start":{"line":138,"column":17},"end":{"line":169,"column":null}},"type":"binary-expr","locations":[{"start":{"line":138,"column":17},"end":{"line":138,"column":null}},{"start":{"line":139,"column":20},"end":{"line":169,"column":null}}],"line":138},"21":{"loc":{"start":{"line":149,"column":33},"end":{"line":165,"column":null}},"type":"cond-expr","locations":[{"start":{"line":150,"column":36},"end":{"line":159,"column":null}},{"start":{"line":161,"column":36},"end":{"line":165,"column":null}}],"line":149},"22":{"loc":{"start":{"line":172,"column":17},"end":{"line":207,"column":null}},"type":"binary-expr","locations":[{"start":{"line":172,"column":17},"end":{"line":172,"column":null}},{"start":{"line":173,"column":20},"end":{"line":207,"column":null}}],"line":172},"23":{"loc":{"start":{"line":187,"column":25},"end":{"line":190,"column":null}},"type":"binary-expr","locations":[{"start":{"line":187,"column":25},"end":{"line":187,"column":null}},{"start":{"line":188,"column":28},"end":{"line":190,"column":null}}],"line":187},"24":{"loc":{"start":{"line":193,"column":25},"end":{"line":196,"column":null}},"type":"binary-expr","locations":[{"start":{"line":193,"column":25},"end":{"line":193,"column":null}},{"start":{"line":194,"column":28},"end":{"line":196,"column":null}}],"line":193},"25":{"loc":{"start":{"line":205,"column":29},"end":{"line":205,"column":null}},"type":"cond-expr","locations":[{"start":{"line":205,"column":55},"end":{"line":205,"column":86}},{"start":{"line":205,"column":86},"end":{"line":205,"column":null}}],"line":205},"26":{"loc":{"start":{"line":210,"column":17},"end":{"line":237,"column":null}},"type":"binary-expr","locations":[{"start":{"line":210,"column":17},"end":{"line":210,"column":null}},{"start":{"line":211,"column":20},"end":{"line":237,"column":null}}],"line":210},"27":{"loc":{"start":{"line":212,"column":25},"end":{"line":235,"column":null}},"type":"cond-expr","locations":[{"start":{"line":213,"column":28},"end":{"line":231,"column":null}},{"start":{"line":233,"column":28},"end":{"line":235,"column":null}}],"line":212},"28":{"loc":{"start":{"line":218,"column":42},"end":{"line":218,"column":103}},"type":"binary-expr","locations":[{"start":{"line":218,"column":42},"end":{"line":218,"column":71}},{"start":{"line":218,"column":71},"end":{"line":218,"column":100}},{"start":{"line":218,"column":100},"end":{"line":218,"column":103}}],"line":218},"29":{"loc":{"start":{"line":223,"column":86},"end":{"line":223,"column":119}},"type":"binary-expr","locations":[{"start":{"line":223,"column":86},"end":{"line":223,"column":117}},{"start":{"line":223,"column":117},"end":{"line":223,"column":119}}],"line":223},"30":{"loc":{"start":{"line":228,"column":41},"end":{"line":228,"column":107}},"type":"binary-expr","locations":[{"start":{"line":228,"column":41},"end":{"line":228,"column":70}},{"start":{"line":228,"column":70},"end":{"line":228,"column":105}},{"start":{"line":228,"column":105},"end":{"line":228,"column":107}}],"line":228}},"s":{"0":1,"1":9,"2":0,"3":9,"4":9,"5":1,"6":9,"7":0,"8":9,"9":9,"10":9,"11":1,"12":9,"13":0,"14":9,"15":9,"16":9,"17":1,"18":9,"19":0,"20":9,"21":9,"22":1,"23":8,"24":7,"25":1,"26":1,"27":9,"28":2,"29":7,"30":6,"31":1,"32":1,"33":19,"34":19,"35":1,"36":18,"37":19,"38":1,"39":17,"40":17,"41":17,"42":1,"43":1,"44":1,"45":9},"f":{"0":9,"1":9,"2":9,"3":9,"4":9,"5":19,"6":1,"7":1,"8":1,"9":9},"b":{"0":[0,9],"1":[9,9],"2":[9,8,2],"3":[0,9],"4":[9,9],"5":[9,0],"6":[7,2],"7":[0,9],"8":[9,9],"9":[9,8,1],"10":[0,9],"11":[9,9],"12":[1,8],"13":[7,1],"14":[2,7],"15":[6,1],"16":[1,18],"17":[19,18],"18":[18,17,1],"19":[1,18],"20":[17,10],"21":[9,1],"22":[19,3],"23":[3,1],"24":[3,1],"25":[1,2],"26":[19,4],"27":[3,1],"28":[3,3,1],"29":[3,2],"30":[3,2,0]},"meta":{"lastBranch":31,"lastFunction":10,"lastStatement":46,"seen":{"s:30:22:34:Infinity":0,"f:30:22:30:23":0,"b:31:4:31:Infinity:undefined:undefined:undefined:undefined":0,"s:31:4:31:Infinity":1,"b:31:8:31:39:31:39:31:57":1,"s:31:57:31:Infinity":2,"s:32:22:32:Infinity":3,"s:33:4:33:Infinity":4,"b:33:12:33:34:33:34:33:56:33:56:33:81":2,"s:36:23:41:Infinity":5,"f:36:23:36:24":1,"b:37:4:37:Infinity:undefined:undefined:undefined:undefined":3,"s:37:4:37:Infinity":6,"b:37:8:37:39:37:39:37:57":4,"s:37:57:37:Infinity":7,"s:38:22:38:Infinity":8,"s:39:10:39:Infinity":9,"b:39:22:39:41:39:41:39:45":5,"s:40:4:40:Infinity":10,"b:40:33:40:50:40:50:40:Infinity":6,"s:43:23:48:Infinity":11,"f:43:23:43:24":2,"b:44:4:44:Infinity:undefined:undefined:undefined:undefined":7,"s:44:4:44:Infinity":12,"b:44:8:44:39:44:39:44:57":8,"s:44:57:44:Infinity":13,"s:45:22:45:Infinity":14,"s:46:18:46:Infinity":15,"b:46:18:46:44:46:44:46:73:46:73:46:Infinity":9,"s:47:4:47:Infinity":16,"s:50:26:60:Infinity":17,"f:50:26:50:27":3,"b:51:4:51:Infinity:undefined:undefined:undefined:undefined":10,"s:51:4:51:Infinity":18,"b:51:8:51:39:51:39:51:57":11,"s:51:57:51:Infinity":19,"s:52:22:52:Infinity":20,"b:53:4:55:Infinity:undefined:undefined:undefined:undefined":12,"s:53:4:55:Infinity":21,"s:54:8:54:Infinity":22,"b:56:4:58:Infinity:undefined:undefined:undefined:undefined":13,"s:56:4:58:Infinity":23,"s:57:8:57:Infinity":24,"s:59:4:59:Infinity":25,"s:62:21:66:Infinity":26,"f:62:21:62:22":4,"b:63:4:63:Infinity:undefined:undefined:undefined:undefined":14,"s:63:4:63:Infinity":27,"s:63:47:63:Infinity":28,"b:64:4:64:Infinity:undefined:undefined:undefined:undefined":15,"s:64:4:64:Infinity":29,"s:64:44:64:Infinity":30,"s:65:4:65:Infinity":31,"s:68:37:242:Infinity":32,"f:68:37:68:38":5,"s:74:10:74:Infinity":33,"b:76:4:78:Infinity:undefined:undefined:undefined:undefined":16,"s:76:4:78:Infinity":34,"b:76:8:76:19:76:19:76:38":17,"s:77:8:77:Infinity":35,"s:80:29:80:Infinity":36,"b:80:29:80:56:80:56:80:84:80:84:80:Infinity":18,"b:82:4:92:Infinity:undefined:undefined:undefined:undefined":19,"s:82:4:92:Infinity":37,"s:83:8:90:Infinity":38,"s:94:21:94:Infinity":39,"s:95:20:95:Infinity":40,"s:97:4:240:Infinity":41,"f:117:33:117:39":6,"s:117:39:117:Infinity":42,"f:124:33:124:39":7,"s:124:39:124:Infinity":43,"f:131:33:131:39":8,"s:131:39:131:Infinity":44,"b:138:17:138:Infinity:139:20:169:Infinity":20,"b:150:36:159:Infinity:161:36:165:Infinity":21,"f:150:49:150:50":9,"s:151:40:158:Infinity":45,"b:172:17:172:Infinity:173:20:207:Infinity":22,"b:187:25:187:Infinity:188:28:190:Infinity":23,"b:193:25:193:Infinity:194:28:196:Infinity":24,"b:205:55:205:86:205:86:205:Infinity":25,"b:210:17:210:Infinity:211:20:237:Infinity":26,"b:213:28:231:Infinity:233:28:235:Infinity":27,"b:218:42:218:71:218:71:218:100:218:100:218:103":28,"b:223:86:223:117:223:117:223:119":29,"b:228:41:228:70:228:70:228:105:228:105:228:107":30},"fnNames":{}}}
,"C:\\CursosOnline\\frontend\\src\\routes\\pages\\professor\\components\\GradingCenter.tsx": {"path":"C:\\CursosOnline\\frontend\\src\\routes\\pages\\professor\\components\\GradingCenter.tsx","statementMap":{"0":{"start":{"line":15,"column":59},"end":{"line":296,"column":null}},"1":{"start":{"line":42,"column":4},"end":{"line":42,"column":null}},"2":{"start":{"line":44,"column":32},"end":{"line":44,"column":null}},"3":{"start":{"line":45,"column":33},"end":{"line":45,"column":null}},"4":{"start":{"line":47,"column":4},"end":{"line":294,"column":null}},"5":{"start":{"line":64,"column":46},"end":{"line":64,"column":null}},"6":{"start":{"line":65,"column":32},"end":{"line":65,"column":null}},"7":{"start":{"line":71,"column":32},"end":{"line":73,"column":null}},"8":{"start":{"line":87,"column":46},"end":{"line":87,"column":null}},"9":{"start":{"line":88,"column":32},"end":{"line":88,"column":null}},"10":{"start":{"line":88,"column":44},"end":{"line":88,"column":null}},"11":{"start":{"line":89,"column":32},"end":{"line":89,"column":null}},"12":{"start":{"line":95,"column":32},"end":{"line":97,"column":null}},"13":{"start":{"line":166,"column":57},"end":{"line":166,"column":null}},"14":{"start":{"line":177,"column":51},"end":{"line":177,"column":null}},"15":{"start":{"line":203,"column":40},"end":{"line":212,"column":null}},"16":{"start":{"line":207,"column":57},"end":{"line":207,"column":null}},"17":{"start":{"line":245,"column":53},"end":{"line":245,"column":null}},"18":{"start":{"line":264,"column":53},"end":{"line":264,"column":null}},"19":{"start":{"line":278,"column":49},"end":{"line":278,"column":null}}},"fnMap":{"0":{"name":"(anonymous_0)","decl":{"start":{"line":15,"column":59},"end":{"line":15,"column":60}},"loc":{"start":{"line":19,"column":6},"end":{"line":296,"column":null}},"line":19},"1":{"name":"(anonymous_1)","decl":{"start":{"line":63,"column":38},"end":{"line":63,"column":39}},"loc":{"start":{"line":63,"column":49},"end":{"line":66,"column":null}},"line":63},"2":{"name":"(anonymous_2)","decl":{"start":{"line":70,"column":50},"end":{"line":70,"column":51}},"loc":{"start":{"line":71,"column":32},"end":{"line":73,"column":null}},"line":71},"3":{"name":"(anonymous_3)","decl":{"start":{"line":86,"column":38},"end":{"line":86,"column":39}},"loc":{"start":{"line":86,"column":49},"end":{"line":90,"column":null}},"line":86},"4":{"name":"(anonymous_4)","decl":{"start":{"line":94,"column":42},"end":{"line":94,"column":43}},"loc":{"start":{"line":95,"column":32},"end":{"line":97,"column":null}},"line":95},"5":{"name":"(anonymous_5)","decl":{"start":{"line":166,"column":46},"end":{"line":166,"column":47}},"loc":{"start":{"line":166,"column":57},"end":{"line":166,"column":null}},"line":166},"6":{"name":"(anonymous_6)","decl":{"start":{"line":177,"column":45},"end":{"line":177,"column":51}},"loc":{"start":{"line":177,"column":51},"end":{"line":177,"column":null}},"line":177},"7":{"name":"(anonymous_7)","decl":{"start":{"line":202,"column":57},"end":{"line":202,"column":58}},"loc":{"start":{"line":203,"column":40},"end":{"line":212,"column":null}},"line":203},"8":{"name":"(anonymous_8)","decl":{"start":{"line":207,"column":57},"end":{"line":207,"column":63}},"loc":{"start":{"line":207,"column":57},"end":{"line":207,"column":null}},"line":207},"9":{"name":"(anonymous_9)","decl":{"start":{"line":245,"column":46},"end":{"line":245,"column":47}},"loc":{"start":{"line":245,"column":53},"end":{"line":245,"column":null}},"line":245},"10":{"name":"(anonymous_10)","decl":{"start":{"line":264,"column":46},"end":{"line":264,"column":47}},"loc":{"start":{"line":264,"column":53},"end":{"line":264,"column":null}},"line":264},"11":{"name":"(anonymous_11)","decl":{"start":{"line":278,"column":42},"end":{"line":278,"column":43}},"loc":{"start":{"line":278,"column":49},"end":{"line":278,"column":null}},"line":278}},"branchMap":{"0":{"loc":{"start":{"line":44,"column":32},"end":{"line":44,"column":null}},"type":"cond-expr","locations":[{"start":{"line":44,"column":43},"end":{"line":44,"column":62}},{"start":{"line":44,"column":62},"end":{"line":44,"column":null}}],"line":44},"1":{"loc":{"start":{"line":45,"column":33},"end":{"line":45,"column":null}},"type":"cond-expr","locations":[{"start":{"line":45,"column":51},"end":{"line":45,"column":84}},{"start":{"line":45,"column":84},"end":{"line":45,"column":null}}],"line":45},"2":{"loc":{"start":{"line":65,"column":47},"end":{"line":65,"column":75}},"type":"cond-expr","locations":[{"start":{"line":65,"column":55},"end":{"line":65,"column":71}},{"start":{"line":65,"column":71},"end":{"line":65,"column":75}}],"line":65},"3":{"loc":{"start":{"line":85,"column":38},"end":{"line":85,"column":null}},"type":"binary-expr","locations":[{"start":{"line":85,"column":38},"end":{"line":85,"column":51}},{"start":{"line":85,"column":51},"end":{"line":85,"column":66}},{"start":{"line":85,"column":66},"end":{"line":85,"column":null}}],"line":85},"4":{"loc":{"start":{"line":88,"column":32},"end":{"line":88,"column":null}},"type":"if","locations":[{"start":{"line":88,"column":32},"end":{"line":88,"column":null}},{"start":{},"end":{}}],"line":88},"5":{"loc":{"start":{"line":93,"column":46},"end":{"line":93,"column":115}},"type":"cond-expr","locations":[{"start":{"line":93,"column":58},"end":{"line":93,"column":92}},{"start":{"line":93,"column":92},"end":{"line":93,"column":115}}],"line":93},"6":{"loc":{"start":{"line":105,"column":13},"end":{"line":128,"column":null}},"type":"binary-expr","locations":[{"start":{"line":105,"column":13},"end":{"line":105,"column":null}},{"start":{"line":106,"column":16},"end":{"line":128,"column":null}}],"line":105},"7":{"loc":{"start":{"line":132,"column":13},"end":{"line":136,"column":null}},"type":"binary-expr","locations":[{"start":{"line":132,"column":13},"end":{"line":132,"column":null}},{"start":{"line":133,"column":16},"end":{"line":136,"column":null}}],"line":132},"8":{"loc":{"start":{"line":138,"column":13},"end":{"line":142,"column":null}},"type":"binary-expr","locations":[{"start":{"line":138,"column":13},"end":{"line":138,"column":null}},{"start":{"line":139,"column":16},"end":{"line":142,"column":null}}],"line":138},"9":{"loc":{"start":{"line":151,"column":17},"end":{"line":217,"column":null}},"type":"cond-expr","locations":[{"start":{"line":152,"column":20},"end":{"line":154,"column":null}},{"start":{"line":156,"column":20},"end":{"line":217,"column":null}}],"line":151},"10":{"loc":{"start":{"line":151,"column":17},"end":{"line":151,"column":null}},"type":"binary-expr","locations":[{"start":{"line":151,"column":17},"end":{"line":151,"column":30}},{"start":{"line":151,"column":30},"end":{"line":151,"column":null}}],"line":151},"11":{"loc":{"start":{"line":166,"column":77},"end":{"line":166,"column":108}},"type":"binary-expr","locations":[{"start":{"line":166,"column":77},"end":{"line":166,"column":104}},{"start":{"line":166,"column":104},"end":{"line":166,"column":108}}],"line":166},"12":{"loc":{"start":{"line":169,"column":33},"end":{"line":170,"column":null}},"type":"binary-expr","locations":[{"start":{"line":169,"column":33},"end":{"line":169,"column":null}},{"start":{"line":170,"column":36},"end":{"line":170,"column":null}}],"line":169},"13":{"loc":{"start":{"line":178,"column":46},"end":{"line":178,"column":null}},"type":"binary-expr","locations":[{"start":{"line":178,"column":46},"end":{"line":178,"column":63}},{"start":{"line":178,"column":63},"end":{"line":178,"column":null}}],"line":178},"14":{"loc":{"start":{"line":180,"column":43},"end":{"line":180,"column":null}},"type":"cond-expr","locations":[{"start":{"line":180,"column":65},"end":{"line":180,"column":91}},{"start":{"line":180,"column":91},"end":{"line":180,"column":null}}],"line":180},"15":{"loc":{"start":{"line":181,"column":42},"end":{"line":181,"column":null}},"type":"cond-expr","locations":[{"start":{"line":181,"column":64},"end":{"line":181,"column":113}},{"start":{"line":181,"column":113},"end":{"line":181,"column":null}}],"line":181},"16":{"loc":{"start":{"line":192,"column":33},"end":{"line":213,"column":null}},"type":"cond-expr","locations":[{"start":{"line":193,"column":36},"end":{"line":196,"column":null}},{"start":{"line":197,"column":36},"end":{"line":213,"column":null}}],"line":192},"17":{"loc":{"start":{"line":197,"column":36},"end":{"line":213,"column":null}},"type":"cond-expr","locations":[{"start":{"line":198,"column":36},"end":{"line":200,"column":null}},{"start":{"line":202,"column":36},"end":{"line":213,"column":null}}],"line":197},"18":{"loc":{"start":{"line":227,"column":17},"end":{"line":291,"column":null}},"type":"cond-expr","locations":[{"start":{"line":228,"column":20
[...]
10,"column":null}},"52":{"start":{"line":217,"column":34},"end":{"line":222,"column":null}},"53":{"start":{"line":218,"column":21},"end":{"line":220,"column":null}},"54":{"start":{"line":221,"column":4},"end":{"line":221,"column":null}},"55":{"start":{"line":228,"column":39},"end":{"line":243,"column":null}},"56":{"start":{"line":233,"column":21},"end":{"line":233,"column":null}},"57":{"start":{"line":234,"column":4},"end":{"line":234,"column":null}},"58":{"start":{"line":235,"column":4},"end":{"line":235,"column":null}},"59":{"start":{"line":236,"column":4},"end":{"line":236,"column":null}},"60":{"start":{"line":238,"column":21},"end":{"line":241,"column":null}},"61":{"start":{"line":242,"column":4},"end":{"line":242,"column":null}},"62":{"start":{"line":249,"column":40},"end":{"line":252,"column":null}},"63":{"start":{"line":250,"column":21},"end":{"line":250,"column":null}},"64":{"start":{"line":251,"column":4},"end":{"line":251,"column":null}}},"fnMap":{"0":{"name":"(anonymous_0)","decl":{"start":{"line":41,"column":30},"end":{"line":41,"column":31}},"loc":{"start":{"line":41,"column":93},"end":{"line":53,"column":null}},"line":41},"1":{"name":"(anonymous_1)","decl":{"start":{"line":55,"column":34},"end":{"line":55,"column":35}},"loc":{"start":{"line":55,"column":85},"end":{"line":69,"column":null}},"line":55},"2":{"name":"(anonymous_2)","decl":{"start":{"line":71,"column":30},"end":{"line":71,"column":31}},"loc":{"start":{"line":72,"column":4},"end":{"line":72,"column":null}},"line":72},"3":{"name":"(anonymous_3)","decl":{"start":{"line":93,"column":32},"end":{"line":93,"column":73}},"loc":{"start":{"line":93,"column":73},"end":{"line":96,"column":null}},"line":93},"4":{"name":"(anonymous_4)","decl":{"start":{"line":102,"column":32},"end":{"line":102,"column":73}},"loc":{"start":{"line":102,"column":73},"end":{"line":105,"column":null}},"line":102},"5":{"name":"(anonymous_5)","decl":{"start":{"line":110,"column":37},"end":{"line":110,"column":44}},"loc":{"start":{"line":110,"column":112},"end":{"line":125,"column":null}},"line":110},"6":{"name":"(anonymous_6)","decl":{"start":{"line":134,"column":36},"end":{"line":134,"column":77}},"loc":{"start":{"line":134,"column":77},"end":{"line":137,"column":null}},"line":134},"7":{"name":"(anonymous_7)","decl":{"start":{"line":142,"column":38},"end":{"line":142,"column":79}},"loc":{"start":{"line":142,"column":79},"end":{"line":145,"column":null}},"line":142},"8":{"name":"(anonymous_8)","decl":{"start":{"line":150,"column":34},"end":{"line":150,"column":75}},"loc":{"start":{"line":150,"column":75},"end":{"line":153,"column":null}},"line":150},"9":{"name":"(anonymous_9)","decl":{"start":{"line":159,"column":38},"end":{"line":159,"column":45}},"loc":{"start":{"line":159,"column":105},"end":{"line":174,"column":null}},"line":159},"10":{"name":"(anonymous_10)","decl":{"start":{"line":180,"column":44},"end":{"line":180,"column":51}},"loc":{"start":{"line":180,"column":101},"end":{"line":183,"column":null}},"line":180},"11":{"name":"(anonymous_11)","decl":{"start":{"line":189,"column":40},"end":{"line":189,"column":47}},"loc":{"start":{"line":189,"column":97},"end":{"line":192,"column":null}},"line":189},"12":{"name":"(anonymous_12)","decl":{"start":{"line":198,"column":40},"end":{"line":198,"column":47}},"loc":{"start":{"line":198,"column":137},"end":{"line":211,"column":null}},"line":198},"13":{"name":"(anonymous_13)","decl":{"start":{"line":217,"column":34},"end":{"line":217,"column":41}},"loc":{"start":{"line":217,"column":131},"end":{"line":222,"column":null}},"line":217},"14":{"name":"(anonymous_14)","decl":{"start":{"line":228,"column":39},"end":{"line":228,"column":null}},"loc":{"start":{"line":232,"column":38},"end":{"line":243,"column":null}},"line":232},"15":{"name":"(anonymous_15)","decl":{"start":{"line":249,"column":40},"end":{"line":249,"column":47}},"loc":{"start":{"line":249,"column":101},"end":{"line":252,"column":null}},"line":249}},"branchMap":{"0":{"loc":{"start":{"line":43,"column":8},"end":{"line":47,"column":null}},"type":"cond-expr","locations":[{"start":{"line":44,"column":14},"end":{"line":44,"column":null}},{"start":{"line":45,"column":14},"end":{"line":47,"column":null}}],"line":43},"1":{"loc":{"start":{"line":45,"column":14},"end":{"line":47,"column":null}},"type":"cond-expr","locations":[{"start":{"line":46,"column":18},"end":{"line":46,"column":null}},{"start":{"line":47,"column":18},"end":{"line":47,"column":null}}],"line":45},"2":{"loc":{"start":{"line":48,"column":14},"end":{"line":50,"column":null}},"type":"cond-expr","locations":[{"start":{"line":49,"column":10},"end":{"line":49,"column":null}},{"start":{"line":50,"column":10},"end":{"line":50,"column":null}}],"line":48},"3":{"loc":{"start":{"line":48,"column":14},"end":{"line":48,"column":null}},"type":"binary-expr","locations":[{"start":{"line":48,"column":14},"end":{"line":48,"column":53}},{"start":{"line":48,"column":53},"end":{"line":48,"column":null}}],"line":48},"4":{"loc":{"start":{"line":51,"column":11},"end":{"line":51,"column":null}},"type":"cond-expr","locations":[{"start":{"line":51,"column":46},"end":{"line":51,"column":60}},{"start":{"line":51,"column":60},"end":{"line":51,"column":null}}],"line":51},"5":{"loc":{"start":{"line":52,"column":10},"end":{"line":52,"column":null}},"type":"cond-expr","locations":[{"start":{"line":52,"column":76},"end":{"line":52,"column":89}},{"start":{"line":52,"column":89},"end":{"line":52,"column":null}}],"line":52},"6":{"loc":{"start":{"line":52,"column":10},"end":{"line":52,"column":76}},"type":"binary-expr","locations":[{"start":{"line":52,"column":10},"end":{"line":52,"column":45}},{"start":{"line":52,"column":45},"end":{"line":52,"column":76}}],"line":52},"7":{"loc":{"start":{"line":56,"column":16},"end":{"line":56,"column":null}},"type":"cond-expr","locations":[{"start":{"line":56,"column":55},"end":{"line":56,"column":74}},{"start":{"line":56,"column":74},"end":{"line":56,"column":null}}],"line":56},"8":{"loc":{"start":{"line":57,"column":14},"end":{"line":57,"column":null}},"type":"cond-expr","locations":[{"start":{"line":57,"column":51},"end":{"line":57,"column":68}},{"start":{"line":57,"column":68},"end":{"line":57,"column":null}}],"line":57},"9":{"loc":{"start":{"line":58,"column":18},"end":{"line":58,"column":null}},"type":"cond-expr","locations":[{"start":{"line":58,"column":59},"end":{"line":58,"column":80}},{"start":{"line":58,"column":80},"end":{"line":58,"column":null}}],"line":58},"10":{"loc":{"start":{"line":59,"column":17},"end":{"line":59,"column":null}},"type":"cond-expr","locations":[{"start":{"line":59,"column":57},"end":{"line":59,"column":77}},{"start":{"line":59,"column":77},"end":{"line":59,"column":null}}],"line":59},"11":{"loc":{"start":{"line":62,"column":17},"end":{"line":62,"column":null}},"type":"cond-expr","locations":[{"start":{"line":62,"column":48},"end":{"line":62,"column":57}},{"start":{"line":62,"column":57},"end":{"line":62,"column":null}}],"line":62},"12":{"loc":{"start":{"line":64,"column":8},"end":{"line":68,"column":null}},"type":"cond-expr","locations":[{"start":{"line":65,"column":14},"end":{"line":65,"column":null}},{"start":{"line":66,"column":14},"end":{"line":68,"column":null}}],"line":64},"13":{"loc":{"start":{"line":66,"column":14},"end":{"line":68,"column":null}},"type":"cond-expr","locations":[{"start":{"line":67,"column":18},"end":{"line":67,"column":null}},{"start":{"line":68,"column":18},"end":{"line":68,"column":null}}],"line":66}},"s":{"0":1,"1":1,"2":0,"3":1,"4":0,"5":1,"6":0,"7":1,"8":0,"9":0,"10":1,"11":0,"12":0,"13":1,"14":0,"15":0,"16":0,"17":0,"18":0,"19":1,"20":0,"21":0,"22":1,"23":0,"24":0,"25":1,"26":0,"27":0,"28":1,"29":0,"30":0,"31":0,"32":0,"33":0,"34":0,"35":0,"36":0,"37":0,"38":0,"39":1,"40":0,"41":0,"42":1,"43":0,"44":0,"45":1,"46":0,"47":0,"48":0,"49":0,"50":0,"51":0,"52":1,"53":0,"54":0,"55":1,"56":0,"57":0,"58":0,"59":0,"60":0,"61":0,"62":1,"63":0,"64":0},"f":{"0":0,"1":0,"2":0,"3":0,"4":0,"5":0,"6":0,"7":0,"8":0,"9":0,"10":0,"11":0,"12":0,"13":0,"14":0,"15":0},"b":{"0":[0,0],"1":[0,0],"2":[0,0],"3":[0,0],"4":[0,0],"5":[0,0],"6":[0,0],"7":[0,0],"8":[0,0],"9":[0,0],"10":[0,0],"11":[0,0],"12":[0,0],"13":[0,0]},"meta":{"lastBranch":14,"lastFunction":16,"lastStatement":65,"seen":{"s:34:48:39:Infinity":0,"s:41:30:53:Infinity":1,"f:41:30:41:31":0,"s:41:93:53:Infinity":2,"b:44:14:44:Infinity:45:14:47:Infinity":0,"b:46:18:46:Infinity:47:18:47:Infinity":1,"b:49:10:49:Infinity:50:10:50:Infinity":2,"b:48:14:48:53:48:53:48:Infinity":3,"b:51:46:51:60:51:60:51:Infinity":4,"b:52:76:52:89:52:89:52:Infinity":5,"b:52:10:52:45:52:45:52:76":6,"s:55:34:69:Infinity":3,"f:55:34:55:35":1,"s:55:85:69:Infinity":4,"b:56:55:56:74:56:74:56:Infinity":7,"b:57:51:57:68:57:68:57:Infinity":8,"b:58:59:58:80:58:80:58:Infinity":9,"b:59:57:59:77:59:77:59:Infinity":10,"b:62:48:62:57:62:57:62:Infinity":11,"b:65:14:65:Infinity:66:14:68:Infinity":12,"b:67:18:67:Infinity:68:18:68:Infinity":13,"s:71:30:72:Infinity":5,"f:71:30:71:31":2,"s:72:4:72:Infinity":6,"s:93:32:96:Infinity":7,"f:93:32:93:73":3,"s:94:21:94:Infinity":8,"s:95:4:95:Infinity":9,"s:102:32:105:Infinity":10,"f:102:32:102:73":4,"s:103:21:103:Infinity":11,"s:104:4:104:Infinity":12,"s:110:37:125:Infinity":13,"f:110:37:110:44":5,"s:111:21:111:Infinity":14,"s:112:4:112:Infinity":15,"s:113:4:113:Infinity":16,"s:115:21:123:Infinity":17,"s:124:4:124:Infinity":18,"s:134:36:137:Infinity":19,"f:134:36:134:77":6,"s:135:21:135:Infinity":20,"s:136:4:136:Infinity":21,"s:142:38:145:Infinity":22,"f:142:38:142:79":7,"s:143:21:143:Infinity":23,"s:144:4:144:Infinity":24,"s:150:34:153:Infinity":25,"f:150:34:150:75":8,"s:151:21:151:Infinity":26,"s:152:4:152:Infinity":27,"s:159:38:174:Infinity":28,"f:159:38:159:45":9,"s:160:21:162:Infinity":29,"s:164:17:164:Infinity":30,"s:165:16:165:Infinity":31,"s:166:17:166:Infinity":32,"s:167:4:167:Infinity":33,"s:168:4:168:Infinity":34,"s:169:4:169:Infinity":35,"s:170:4:170:Infinity":36,"s:172:4:172:Infinity":37,"s:173:4:173:Infinity":38,"s:180:44:183:Infinity":39,"f:180:44:180:51":10,"s:181:21:181:Infinity":40,"s:182:4:182:Infinity":41,"s:189:40:192:Infinity":42,"f:189:40:189:47":11,"s:190:21:190:Infinity":43,"s:191:4:191:Infinity":44,"s:198:40:211:Infinity":45,"f:198:40:198:47":12,"s:199:21:199:Infinity":46,"s:200:4:200:Infinity":47,"s:201:4:201:Infinity":48,"s:202:4:202:Infinity":49,"s:206:21:209:Infinity":50,"s:210:4:210:Infinity":51,"s:217:34:222:Infinity":52,"f:217:34:217:41":13,"s:218:21:220:Infinity":53,"s:221:4:221:Infinity":54,"s:228:39:243:Infinity":55,"f:228:39:228:Infinity":14,"s:233:21:233:Infinity":56,"s:234:4:234:Infinity":57,"s:235:4:235:Infinity":58,"s:236:4:236:Infinity":59,"s:238:21:241:Infinity":60,"s:242:4:242:Infinity":61,"s:249:40:252:Infinity":62,"f:249:40:249:47":15,"s:250:21:250:Infinity":63,"s:251:4:251:Infinity":64},"fnNames":{}}}
,"C:\\CursosOnline\\frontend\\src\\services\\useCourseCatalog.ts": {"path":"C:\\CursosOnline\\frontend\\src\\services\\useCourseCatalog.ts","statementMap":{"0":{"start":{"line":6,"column":32},"end":{"line":81,"column":null}},"1":{"start":{"line":7,"column":42},"end":{"line":7,"column":null}},"2":{"start":{"line":8,"column":44},"end":{"line":8,"column":null}},"3":{"start":{"line":9,"column":44},"end":{"line":9,"column":null}},"4":{"start":{"line":10,"column":50},"end":{"line":10,"column":null}},"5":{"start":{"line":11,"column":40},"end":{"line":11,"column":null}},"6":{"start":{"line":13,"column":4},"end":{"line":19,"column":null}},"7":{"start":{"line":14,"column":32},"end":{"line":16,"column":null}},"8":{"start":{"line":15,"column":12},"end":{"line":15,"column":null}},"9":{"start":{"line":18,"column":8},"end":{"line":18,"column":null}},"10":{"start":{"line":18,"column":21},"end":{"line":18,"column":null}},"11":{"start":{"line":21,"column":29},"end":{"line":40,"column":null}},"12":{"start":{"line":22,"column":8},"end":{"line":22,"column":null}},"13":{"start":{"line":23,"column":8},"end":{"line":23,"column":null}},"14":{"start":{"line":24,"column":8},"end":{"line":39,"column":null}},"15":{"start":{"line":25,"column":33},"end":{"line":25,"column":null}},"16":{"start":{"line":27,"column":29},"end":{"line":29,"column":null}},"17":{"start":{"line":31,"column":12},"end":{"line":33,"column":null}},"18":{"start":{"line":32,"column":16},"end":{"line":32,"column":null}},"19":{"start":{"line":35,"column":12},"end":{"line":35,"column":null}},"20":{"start":{"line":36,"column":12},"end":{"line":36,"column":null}},"21":{"start":{"line":38,"column":12},"end":{"line":38,"column":null}},"22":{"start":{"line":42,"column":32},"end":{"line":68,"column":null}},"23":{"start":{"line":43,"column":8},"end":{"line":43,"column":null}},"24":{"start":{"line":44,"column":8},"end":{"line":44,"column":null}},"25":{"start":{"line":46,"column":8},"end":{"line":67,"column":null}},"26":{"start":{"line":47,"column":29},"end":{"line":49,"column":null}},"27":{"start":{"line":51,"column":12},"end":{"line":57,"column":null}},"28":{"start":{"line":52,"column":37},"end":{"line":52,"column":null}},"29":{"start":{"line":52,"column":62},"end":{"line":52,"column":86}},"30":{"start":{"line":53,"column":16},"end":{"line":55,"column":null}},"31":{"start":{"line":54,"column":20},"end":{"line":54,"column":null}},"32":{"start":{"line":56,"column":16},"end":{"line":56,"column":null}},"33":{"start":{"line":59,"column":12},"end":{"line":59,"column":null}},"34":{"start":{"line":60,"column":26},"end":{"line":60,"column":null}},"35":{"start":{"line":61,"column":12},"end":{"line":63,"column":null}},"36":{"start":{"line":62,"column":16},"end":{"line":62,"column":null}},"37":{"start":{"line":64,"column":12},"end":{"line":64,"column":null}},"38":{"start":{"line":66,"column":12},"end":{"line":66,"column":null}},"39":{"start":{"line":70,"column":8},"end":{"line":79,"column":null}}},"fnMap":{"0":{"name":"(anonymous_0)","decl":{"start":{"line":6,"column":32},"end":{"line":6,"column":33}},"loc":{"start":{"line":6,"column":87},"end":{"line":81,"column":null}},"line":6},"1":{"name":"(anonymous_1)","decl":{"start":{"line":13,"column":14},"end":{"line":13,"column":20}},"loc":{"start":{"line":13,"column":20},"end":{"line":19,"column":7}},"line":13},"2":{"name":"(anonymous_2)","decl":{"start":{"line":14,"column":43},"end":{"line":14,"column":49}},"loc":{"start":{"line":14,"column":49},"end":{"line":16,"column":11}},"line":14},"3":{"name":"(anonymous_3)","decl":{"start":{"line":18,"column":15},"end":{"line":18,"column":21}},"loc":{"start":{"line":18,"column":21},"end":{"line":18,"column":null}},"line":18},"4":{"name":"(anonymous_4)","decl":{"start":{"line":21,"column":29},"end":{"line":21,"column":36}},"loc":{"start":{"line":21,"column":56},"end":{"line":40,"column":null}},"line":21},"5":{"name":"(anonymous_5)","decl":{"start":{"line":42,"column":32},"end":{"line":42,"column":39}},"loc":{"start":{"line":42,"column":118},"end":{"line":68,"column":null}},"line":42},"6":{"name":"(anonymous_6)","decl":{"start":{"line":52,"column":57},"end":{"line":52,"column":62}},"loc":{"start":{"line":52,"column":62},"end":{"line":52,"column":86}},"line":52}},"branchMap":{"0":{"loc":{"start":{"line":25,"column":33},"end":{"line":25,"column":null}},"type":"binary-expr","locations":[{"start":{"line":25,"column":33},"end":{"line":25,"column":52}},{"start":{"line":25,"column":52},"end":{"line":25,"column":null}}],"line":25},"1":{"loc":{"start":{"line":28,"column":24},"end":{"line":28,"column":null}},"type":"cond-expr","locations":[{"start":{"line":28,"column":39},"end":{"line":28,"column":67}},{"start":{"line":28,"column":67},"end":{"line":28,"column":null}}],"line":28},"2":{"loc":{"start":{"line":31,"column":12},"end":{"line":33,"column":null}},"type":"if","locations":[{"start":{"line":31,"column":12},"end":{"line":33,"column":null}},{"start":{},"end":{}}],"line":31},"3":{"loc":{"start":{"line":31,"column":16},"end":{"line":31,"column":58}},"type":"binary-expr","locations":[{"start":{"line":31,"column":16},"end":{"line":31,"column":43}},{"start":{"line":31,"column":43},"end":{"line":31,"column":58}}],"line":31},"4":{"loc":{"start":{"line":42,"column":78},"end":{"line":42,"column":118}},"type":"default-arg","locations":[{"start":{"line":42,"column":107},"end":{"line":42,"column":118}}],"line":42},"5":{"loc":{"start":{"line":47,"column":29},"end":{"line":49,"column":null}},"type":"cond-expr","locations":[{"start":{"line":48,"column":18},"end":{"line":48,"column":null}},{"start":{"line":49,"column":18},"end":{"line":49,"column":null}}],"line":47},"6":{"loc":{"start":{"line":51,"column":12},"end":{"line":57,"column":null}},"type":"if","locations":[{"start":{"line":51,"column":12},"end":{"line":57,"column":null}},{"start":{},"end":{}}],"line":51},"7":{"loc":{"start":{"line":51,"column":16},"end":{"line":51,"column":65}},"type":"binary-expr","locations":[{"start":{"line":51,"column":16},"end":{"line":51,"column":42}},{"start":{"line":51,"column":42},"end":{"line":51,"column":65}}],"line":51},"8":{"loc":{"start":{"line":53,"column":16},"end":{"line":55,"column":null}},"type":"if","locations":[{"start":{"line":53,"column":16},"end":{"line":55,"column":null}},{"start":{},"end":{}}],"line":53},"9":{"loc":{"start":{"line":53,"column":20},"end":{"line":53,"column":53}},"type":"binary-expr","locations":[{"start":{"line":53,"column":20},"end":{"line":53,"column":36}},{"start":{"line":53,"column":36},"end":{"line":53,"column":53}}],"line":53},"10":{"loc":{"start":{"line":61,"column":12},"end":{"line":63,"column":null}},"type":"if","locations":[{"start":{"line":61,"column":12},"end":{"line":63,"column":null}},{"start":{},"end":{}}],"line":61},"11":{"loc":{"start":{"line":61,"column":16},"end":{"line":61,"column":72}},"type":"binary-expr","locations":[{"start":{"line":61,"column":16},"end":{"line":61,"column":43}},{"start":{"line":61,"column":43},"end":{"line":61,"column":72}}],"line":61}},"s":{"0":1,"1":0,"2":0,"3":0,"4":0,"5":0,"6":0,"7":0,"8":0,"9":0,"10":0,"11":0,"12":0,"13":0,"14":0,"15":0,"16":0,"17":0,"18":0,"19":0,"20":0,"21":0,"22":0,"23":0,"24":0,"25":0,"26":0,"27":0,"28":0,"29":0,"30":0,"31":0,"32":0,"33":0,"34":0,"35":0,"36":0,"37":0,"38":0,"39":0},"f":{"0":0,"1":0,"2":0,"3":0,"4":0,"5":0,"6":0},"b":{"0":[0,0],"1":[0,0],"2":[0,0],"3":[0,0],"4":[0],"5":[0,0],"6":[0,0],"7":[0,0],"8":[0,0],"9":[0,0],"10":[0,0],"11":[0,0]},"meta":{"lastBranch":12,"lastFunction":7,"lastStatement":40,"seen":{"s:6:32:81:Infinity":0,"f:6:32:6:33":0,"s:7:42:7:Infinity":1,"s:8:44:8:Infinity":2,"s:9:44:9:Infinity":3,"s:10:50:10:Infinity":4,"s:11:40:11:Infinity":5,"s:13:4:19:Infinity":6,"f:13:14:13:20":1,"s:14:32:16:Infinity":7,"f:14:43:14:49":2,"s:15:12:15:Infinity":8,"s:18:8:18:Infinity":9,"f:18:15:18:21":3,"s:18:21:18:Infinity":10,"s:21:29:40:Infinity":11,"f:21:29:21:36":4,"s:22:8:22:Infinity":12,"s:23:8:23:Infinity":13,"s:24:8:39:Infinity":14,"s:25:33:25:Infinity":15,"b:25:33:25:52:25:52:25:Infinity":0,"s:27:29:29:Infinity":16,"b:28:39:28:67:28:67:28:Infinity":1,"b:31:12:33:Infinity:undefined:undefined:undefined:undefined":2,"s:31:12:33:Infinity":17,"b:31:16:31:43:31:43:31:58":3,"s:32:16:32:Infinity":18,"s:35:12:35:Infinity":19,"s:36:12:36:Infinity":20,"s:38:12:38:Infinity":21,"s:42:32:68:Infinity":22,"f:42:32:42:39":5,"b:42:107:42:118":4,"s:43:8:43:Infinity":23,"s:44:8:44:Infinity":24,"s:46:8:67:Infinity":25,"s:47:29:49:Infinity":26,"b:48:18:48:Infinity:49:18:49:Infinity":5,"b:51:12:57:Infinity:undefined:undefined:undefined:undefined":6,"s:51:12:57:Infinity":27,"b:51:16:51:42:51:42:51:65":7,"s:52:37:52:Infinity":28,"f:52:57:52:62":6,"s:52:62:52:86":29,"b:53:16:55:Infinity:undefined:undefined:undefined:undefined":8,"s:53:16:55:Infinity":30,"b:53:20:53:36:53:36:53:53":9,"s:54:20:54:Infinity":31,"s:56:16:56:Infinity":32,"s:59:12:59:Infinity":33,"s:60:26:60:Infinity":34,"b:61:12:63:Infinity:undefined:undefined:undefined:undefined":10,"s:61:12:63:Infinity":35,"b:61:16:61:43:61:43:61:72":11,"s:62:16:62:Infinity":36,"s:64:12:64:Infinity":37,"s:66:12:66:Infinity":38,"s:70:8:79:Infinity":39},"fnNames":{}}}
}
